  Assembling vmx\Asm\AsmCallset.asm...
  Common.cpp
D:\Research\0.temp\UnrealVTDbg-master\Common\Common.cpp(85,48): warning C4267: 'initializing': conversion from 'size_t' to 'int', possible loss of data
D:\Research\0.temp\UnrealVTDbg-master\Common\Common.cpp(85,48): warning C4267: 'initializing': conversion from 'size_t' to 'const int', possible loss of data
D:\Research\0.temp\UnrealVTDbg-master\Common\Common.cpp(247,77): warning C4267: 'argument': conversion from 'size_t' to '_Ty', possible loss of data
          with
          [
              _Ty=int
          ]
D:\Research\0.temp\UnrealVTDbg-master\Common\Common.cpp(548,42): warning C4566: character represented by universal-character-name '\u4E25' cannot be represented in the current code page (1252)
D:\Research\0.temp\UnrealVTDbg-master\Common\Common.cpp(548,42): warning C4566: character represented by universal-character-name '\u91CD' cannot be represented in the current code page (1252)
D:\Research\0.temp\UnrealVTDbg-master\Common\Common.cpp(548,42): warning C4566: character represented by universal-character-name '\u9519' cannot be represented in the current code page (1252)
D:\Research\0.temp\UnrealVTDbg-master\Common\Common.cpp(548,42): warning C4566: character represented by universal-character-name '\u8BEF' cannot be represented in the current code page (1252)
  Hook.cpp
  Blowfish.cpp
D:\Research\0.temp\UnrealVTDbg-master\Common\Encrypt\Blowfish\Blowfish.cpp(607,15): warning C4267: '=': conversion from 'size_t' to 'int', possible loss of data
D:\Research\0.temp\UnrealVTDbg-master\Common\Encrypt\Blowfish\Blowfish.cpp(610,31): warning C4267: '=': conversion from 'size_t' to 'int', possible loss of data
D:\Research\0.temp\UnrealVTDbg-master\Common\Encrypt\Blowfish\Blowfish.cpp(632,18): warning C4267: '=': conversion from 'size_t' to 'int', possible loss of data
D:\Research\0.temp\UnrealVTDbg-master\Common\Encrypt\Blowfish\Blowfish.cpp(636,51): warning C4267: 'argument': conversion from 'size_t' to 'int', possible loss of data
D:\Research\0.temp\UnrealVTDbg-master\Common\Encrypt\Blowfish\Blowfish.cpp(703,10): warning C4244: '=': conversion from 'SIZE_T' to 'int', possible loss of data
D:\Research\0.temp\UnrealVTDbg-master\Common\Encrypt\Blowfish\Blowfish.cpp(707,19): warning C4244: '=': conversion from 'SIZE_T' to 'int', possible loss of data
  FileSystem.cpp
  Logger.cpp
  DispatchData.cpp
D:\Research\0.temp\UnrealVTDbg-master\Hook\ntdll.h(230,23): warning C4200: nonstandard extension used: zero-sized array in struct/union
D:\Research\0.temp\UnrealVTDbg-master\Hook\ntdll.h(230,23): message : This member will be ignored by a defaulted constructor or copy/move assignment operator
D:\Research\0.temp\UnrealVTDbg-master\Hook\Channels\DispatchData.cpp(40,22): warning C4244: '=': conversion from 'SIZE_T' to 'ULONG', possible loss of data
  DebugBreak.cpp
D:\Research\0.temp\UnrealVTDbg-master\Hook\ntdll.h(230,23): warning C4200: nonstandard extension used: zero-sized array in struct/union
D:\Research\0.temp\UnrealVTDbg-master\Hook\ntdll.h(230,23): message : This member will be ignored by a defaulted constructor or copy/move assignment operator
D:\Research\0.temp\UnrealVTDbg-master\Hook\DebugBreak\DebugBreak.cpp(74,24): warning C4566: character represented by universal-character-name '\u8BBE' cannot be represented in the current code page (1252)
D:\Research\0.temp\UnrealVTDbg-master\Hook\DebugBreak\DebugBreak.cpp(74,24): warning C4566: character represented by universal-character-name '\u7F6E' cannot be represented in the current code page (1252)
D:\Research\0.temp\UnrealVTDbg-master\Hook\DebugBreak\DebugBreak.cpp(74,24): warning C4566: character represented by universal-character-name '\u786C' cannot be represented in the current code page (1252)
D:\Research\0.temp\UnrealVTDbg-master\Hook\DebugBreak\DebugBreak.cpp(74,24): warning C4566: character represented by universal-character-name '\u4EF6' cannot be represented in the current code page (1252)
D:\Research\0.temp\UnrealVTDbg-master\Hook\DebugBreak\DebugBreak.cpp(74,24): warning C4566: character represented by universal-character-name '\u65AD' cannot be represented in the current code page (1252)
D:\Research\0.temp\UnrealVTDbg-master\Hook\DebugBreak\DebugBreak.cpp(74,24): warning C4566: character represented by universal-character-name '\u70B9' cannot be represented in the current code page (1252)
D:\Research\0.temp\UnrealVTDbg-master\Hook\DebugBreak\DebugBreak.cpp(74,24): warning C4566: character represented by universal-character-name '\u957F' cannot be represented in the current code page (1252)
D:\Research\0.temp\UnrealVTDbg-master\Hook\DebugBreak\DebugBreak.cpp(74,24): warning C4566: character represented by universal-character-name '\u5EA6' cannot be represented in the current code page (1252)
D:\Research\0.temp\UnrealVTDbg-master\Hook\DebugBreak\DebugBreak.cpp(92,28): warning C4566: character represented by universal-character-name '\u672A' cannot be represented in the current code page (1252)
D:\Research\0.temp\UnrealVTDbg-master\Hook\DebugBreak\DebugBreak.cpp(92,28): warning C4566: character represented by universal-character-name '\u77E5' cannot be represented in the current code page (1252)
D:\Research\0.temp\UnrealVTDbg-master\Hook\DebugBreak\DebugBreak.cpp(92,28): warning C4566: character represented by universal-character-name '\u610F' cannot be represented in the current code page (1252)
D:\Research\0.temp\UnrealVTDbg-master\Hook\DebugBreak\DebugBreak.cpp(92,28): warning C4566: character represented by universal-character-name '\u56FE' cannot be represented in the current code page (1252)
D:\Research\0.temp\UnrealVTDbg-master\Hook\DebugBreak\DebugBreak.cpp(92,28): warning C4477: 'sprintf' : format string '%p' requires an argument of type 'void *', but variadic argument 1 has type 'size_t'
D:\Research\0.temp\UnrealVTDbg-master\Hook\DebugBreak\DebugBreak.cpp(247,32): warning C4566: character represented by universal-character-name '\u79FB' cannot be represented in the current code page (1252)
D:\Research\0.temp\UnrealVTDbg-master\Hook\DebugBreak\DebugBreak.cpp(247,32): warning C4566: character represented by universal-character-name '\u9664' cannot be represented in the current code page (1252)
D:\Research\0.temp\UnrealVTDbg-master\Hook\DebugBreak\DebugBreak.cpp(247,32): warning C4566: character represented by universal-character-name '\u7684' cannot be represented in the current code page (1252)
D:\Research\0.temp\UnrealVTDbg-master\Hook\DebugBreak\DebugBreak.cpp(247,32): warning C4566: character represented by universal-character-name '\u76D1' cannot be represented in the current code page (1252)
D:\Research\0.temp\UnrealVTDbg-master\Hook\DebugBreak\DebugBreak.cpp(247,32): warning C4566: character represented by universal-character-name '\u89C6' cannot be represented in the current code page (1252)
D:\Research\0.temp\UnrealVTDbg-master\Hook\DebugBreak\DebugBreak.cpp(251,40): warning C4566: character represented by universal-character-name '\u79FB' cannot be represented in the current code page (1252)
D:\Research\0.temp\UnrealVTDbg-master\Hook\DebugBreak\DebugBreak.cpp(251,40): warning C4566: character represented by universal-character-name '\u9664' cannot be represented in the current code page (1252)
D:\Research\0.temp\UnrealVTDbg-master\Hook\DebugBreak\DebugBreak.cpp(251,40): warning C4566: character represented by universal-character-name '\u786C' cannot be represented in the current code page (1252)
D:\Research\0.temp\UnrealVTDbg-master\Hook\DebugBreak\DebugBreak.cpp(251,40): warning C4566: character represented by universal-character-name '\u4EF6' cannot be represented in the current code page (1252)
D:\Research\0.temp\UnrealVTDbg-master\Hook\DebugBreak\DebugBreak.cpp(251,40): warning C4566: character represented by universal-character-name '\u65AD' cannot be represented in the current code page (1252)
D:\Research\0.temp\UnrealVTDbg-master\Hook\DebugBreak\DebugBreak.cpp(251,40): warning C4566: character represented by universal-character-name '\u70B9' cannot be represented in the current code page (1252)
D:\Research\0.temp\UnrealVTDbg-master\Hook\DebugBreak\DebugBreak.cpp(251,40): warning C4566: character represented by universal-character-name '\u5931' cannot be represented in the current code page (1252)
D:\Research\0.temp\UnrealVTDbg-master\Hook\DebugBreak\DebugBreak.cpp(251,40): warning C4566: character represented by universal-character-name '\u8D25' cannot be represented in the current code page (1252)
D:\Research\0.temp\UnrealVTDbg-master\Hook\DebugBreak\DebugBreak.cpp(256,28): warning C4566: character represented by universal-character-name '\u5931' cannot be represented in the current code page (1252)
D:\Research\0.temp\UnrealVTDbg-master\Hook\DebugBreak\DebugBreak.cpp(256,28): warning C4566: character represented by universal-character-name '\u8D25' cannot be represented in the current code page (1252)
D:\Research\0.temp\UnrealVTDbg-master\Hook\DebugBreak\DebugBreak.cpp(278,20): warning C4566: character represented by universal-character-name '\u6DFB' cannot be represented in the current code page (1252)
D:\Research\0.temp\UnrealVTDbg-master\Hook\DebugBreak\DebugBreak.cpp(278,20): warning C4566: character represented by universal-character-name '\u52A0' cannot be represented in the current code page (1252)
D:\Research\0.temp\UnrealVTDbg-master\Hook\DebugBreak\DebugBreak.cpp(278,20): warning C4566: character represented by universal-character-name '\u65AD' cannot be represented in the current code page (1252)
D:\Research\0.temp\UnrealVTDbg-master\Hook\DebugBreak\DebugBreak.cpp(278,20): warning C4566: character represented by universal-character-name '\u70B9' cannot be represented in the current code page (1252)
D:\Research\0.temp\UnrealVTDbg-master\Hook\DebugBreak\DebugBreak.cpp(285,36): warning C4566: character represented by universal-character-name '\u8BBE' cannot be represented in the current code page (1252)
D:\Research\0.temp\UnrealVTDbg-master\Hook\DebugBreak\DebugBreak.cpp(285,36): warning C4566: character represented by universal-character-name '\u7F6E' cannot be represented in the current code page (1252)
D:\Research\0.temp\UnrealVTDbg-master\Hook\DebugBreak\DebugBreak.cpp(285,36): warning C4566: character represented by universal-character-name '\u786C' cannot be represented in the current code page (1252)
D:\Research\0.temp\UnrealVTDbg-master\Hook\DebugBreak\DebugBreak.cpp(285,36): warning C4566: character represented by universal-character-name '\u4EF6' cannot be represented in the current code page (1252)
D:\Research\0.temp\UnrealVTDbg-master\Hook\DebugBreak\DebugBreak.cpp(285,36): warning C4566: character represented by universal-character-name '\u65AD' cannot be represented in the current code page (1252)
D:\Research\0.temp\UnrealVTDbg-master\Hook\DebugBreak\DebugBreak.cpp(285,36): warning C4566: character represented by universal-character-name '\u70B9' cannot be represented in the current code page (1252)
D:\Research\0.temp\UnrealVTDbg-master\Hook\DebugBreak\DebugBreak.cpp(285,36): warning C4566: character represented by universal-character-name '\u5931' cannot be represented in the current code page (1252)
D:\Research\0.temp\UnrealVTDbg-master\Hook\DebugBreak\DebugBreak.cpp(285,36): warning C4566: character represented by universal-character-name '\u8D25' cannot be represented in the current code page (1252)
D:\Research\0.temp\UnrealVTDbg-master\Hook\DebugBreak\DebugBreak.cpp(290,32): warning C4566: character represented by universal-character-name '\u8BBE' cannot be represented in the current code page (1252)
D:\Research\0.temp\UnrealVTDbg-master\Hook\DebugBreak\DebugBreak.cpp(290,32): warning C4566: character represented by universal-character-name '\u7F6E' cannot be represented in the current code page (1252)
D:\Research\0.temp\UnrealVTDbg-master\Hook\DebugBreak\DebugBreak.cpp(290,32): warning C4566: character represented by universal-character-name '\u65AD' cannot be represented in the current code page (1252)
D:\Research\0.temp\UnrealVTDbg-master\Hook\DebugBreak\DebugBreak.cpp(290,32): warning C4566: character represented by universal-character-name '\u70B9' cannot be represented in the current code page (1252)
D:\Research\0.temp\UnrealVTDbg-master\Hook\DebugBreak\DebugBreak.cpp(290,32): warning C4566: character represented by universal-character-name '\u8FC7' cannot be represented in the current code page (1252)
D:\Research\0.temp\UnrealVTDbg-master\Hook\DebugBreak\DebugBreak.cpp(290,32): warning C4566: character represented by universal-character-name '\u591A' cannot be represented in the current code page (1252)
D:\Research\0.temp\UnrealVTDbg-master\Hook\DebugBreak\DebugBreak.cpp(290,32): warning C4566: character represented by universal-character-name '\uFF0C' cannot be represented in the current code page (1252)
D:\Research\0.temp\UnrealVTDbg-master\Hook\DebugBreak\DebugBreak.cpp(290,32): warning C4566: character represented by universal-character-name '\u76EE' cannot be represented in the current code page (1252)
D:\Research\0.temp\UnrealVTDbg-master\Hook\DebugBreak\DebugBreak.cpp(290,32): warning C4566: character represented by universal-character-name '\u524D' cannot be represented in the current code page (1252)
D:\Research\0.temp\UnrealVTDbg-master\Hook\DebugBreak\DebugBreak.cpp(290,32): warning C4566: character represented by universal-character-name '\u4EC5' cannot be represented in the current code page (1252)
D:\Research\0.temp\UnrealVTDbg-master\Hook\DebugBreak\DebugBreak.cpp(290,32): warning C4566: character represented by universal-character-name '\u652F' cannot be represented in the current code page (1252)
D:\Research\0.temp\UnrealVTDbg-master\Hook\DebugBreak\DebugBreak.cpp(290,32): warning C4566: character represented by universal-character-name '\u6301' cannot be represented in the current code page (1252)
D:\Research\0.temp\UnrealVTDbg-master\Hook\DebugBreak\DebugBreak.cpp(290,32): warning C4566: character represented by universal-character-name '\u4E00' cannot be represented in the current code page (1252)
D:\Research\0.temp\UnrealVTDbg-master\Hook\DebugBreak\DebugBreak.cpp(290,32): warning C4566: character represented by universal-character-name '\u4E2A' cannot be represented in the current code page (1252)
D:\Research\0.temp\UnrealVTDbg-master\Hook\DebugBreak\DebugBreak.cpp(296,24): warning C4566: character represented by universal-character-name '\u65AD' cannot be represented in the current code page (1252)
D:\Research\0.temp\UnrealVTDbg-master\Hook\DebugBreak\DebugBreak.cpp(296,24): warning C4566: character represented by universal-character-name '\u70B9' cannot be represented in the current code page (1252)
D:\Research\0.temp\UnrealVTDbg-master\Hook\DebugBreak\DebugBreak.cpp(296,24): warning C4566: character represented by universal-character-name '\u5DF2' cannot be represented in the current code page (1252)
D:\Research\0.temp\UnrealVTDbg-master\Hook\DebugBreak\DebugBreak.cpp(296,24): warning C4566: character represented by universal-character-name '\u7ECF' cannot be represented in the current code page (1252)
D:\Research\0.temp\UnrealVTDbg-master\Hook\DebugBreak\DebugBreak.cpp(296,24): warning C4566: character represented by universal-character-name '\u5B58' cannot be represented in the current code page (1252)
D:\Research\0.temp\UnrealVTDbg-master\Hook\DebugBreak\DebugBreak.cpp(296,24): warning C4566: character represented by universal-character-name '\u5728' cannot be represented in the current code page (1252)
D:\Research\0.temp\UnrealVTDbg-master\Hook\DebugBreak\DebugBreak.cpp(310,20): warning C4566: character represented by universal-character-name '\u6216' cannot be represented in the current code page (1252)
D:\Research\0.temp\UnrealVTDbg-master\Hook\DebugBreak\DebugBreak.cpp(310,20): warning C4566: character represented by universal-character-name '\u4E3A' cannot be represented in the current code page (1252)
D:\Research\0.temp\UnrealVTDbg-master\Hook\DebugBreak\DebugBreak.cpp(310,20): warning C4566: character represented by universal-character-name '\u7A7A' cannot be represented in the current code page (1252)
D:\Research\0.temp\UnrealVTDbg-master\Hook\DebugBreak\DebugBreak.cpp(337,20): warning C4566: character represented by universal-character-name '\u8FD4' cannot be represented in the current code page (1252)
D:\Research\0.temp\UnrealVTDbg-master\Hook\DebugBreak\DebugBreak.cpp(337,20): warning C4566: character represented by universal-character-name '\u56DE' cannot be represented in the current code page (1252)
D:\Research\0.temp\UnrealVTDbg-master\Hook\DebugBreak\DebugBreak.cpp(337,20): warning C4566: character represented by universal-character-name '\u7684' cannot be represented in the current code page (1252)
D:\Research\0.temp\UnrealVTDbg-master\Hook\DebugBreak\DebugBreak.cpp(337,20): warning C4566: character represented by universal-character-name '\u76D1' cannot be represented in the current code page (1252)
D:\Research\0.temp\UnrealVTDbg-master\Hook\DebugBreak\DebugBreak.cpp(337,20): warning C4566: character represented by universal-character-name '\u89C6' cannot be represented in the current code page (1252)
D:\Research\0.temp\UnrealVTDbg-master\Hook\DebugBreak\DebugBreak.cpp(341,24): warning C4566: character represented by universal-character-name '\u6210' cannot be represented in the current code page (1252)
D:\Research\0.temp\UnrealVTDbg-master\Hook\DebugBreak\DebugBreak.cpp(341,24): warning C4566: character represented by universal-character-name '\u529F' cannot be represented in the current code page (1252)
D:\Research\0.temp\UnrealVTDbg-master\Hook\DebugBreak\DebugBreak.cpp(356,24): warning C4566: character represented by universal-character-name '\u5931' cannot be represented in the current code page (1252)
D:\Research\0.temp\UnrealVTDbg-master\Hook\DebugBreak\DebugBreak.cpp(356,24): warning C4566: character represented by universal-character-name '\u8D25' cannot be represented in the current code page (1252)
D:\Research\0.temp\UnrealVTDbg-master\Hook\DebugBreak\DebugBreak.cpp(361,20): warning C4566: character represented by universal-character-name '\u8BF7' cannot be represented in the current code page (1252)
D:\Research\0.temp\UnrealVTDbg-master\Hook\DebugBreak\DebugBreak.cpp(361,20): warning C4566: character represented by universal-character-name '\u6C42' cannot be represented in the current code page (1252)
D:\Research\0.temp\UnrealVTDbg-master\Hook\DebugBreak\DebugBreak.cpp(361,20): warning C4566: character represented by universal-character-name '\u5931' cannot be represented in the current code page (1252)
D:\Research\0.temp\UnrealVTDbg-master\Hook\DebugBreak\DebugBreak.cpp(361,20): warning C4566: character represented by universal-character-name '\u8D25' cannot be represented in the current code page (1252)
D:\Research\0.temp\UnrealVTDbg-master\Hook\DebugBreak\DebugBreak.cpp(468,40): warning C4566: character represented by universal-character-name '\u904D' cannot be represented in the current code page (1252)
D:\Research\0.temp\UnrealVTDbg-master\Hook\DebugBreak\DebugBreak.cpp(468,40): warning C4566: character represented by universal-character-name '\u5386' cannot be represented in the current code page (1252)
D:\Research\0.temp\UnrealVTDbg-master\Hook\DebugBreak\DebugBreak.cpp(468,40): warning C4566: character represented by universal-character-name '\u65AD' cannot be represented in the current code page (1252)
D:\Research\0.temp\UnrealVTDbg-master\Hook\DebugBreak\DebugBreak.cpp(468,40): warning C4566: character represented by universal-character-name '\u70B9' cannot be represented in the current code page (1252)
D:\Research\0.temp\UnrealVTDbg-master\Hook\DebugBreak\DebugBreak.cpp(468,40): warning C4566: character represented by universal-character-name '\u6570' cannot be represented in the current code page (1252)
D:\Research\0.temp\UnrealVTDbg-master\Hook\DebugBreak\DebugBreak.cpp(468,40): warning C4566: character represented by universal-character-name '\u91CF' cannot be represented in the current code page (1252)
D:\Research\0.temp\UnrealVTDbg-master\Hook\DebugBreak\DebugBreak.cpp(468,40): warning C4566: character represented by universal-character-name '\u8FC7' cannot be represented in the current code page (1252)
D:\Research\0.temp\UnrealVTDbg-master\Hook\DebugBreak\DebugBreak.cpp(468,40): warning C4566: character represented by universal-character-name '\u591A' cannot be represented in the current code page (1252)
D:\Research\0.temp\UnrealVTDbg-master\Hook\DebugBreak\DebugBreak.cpp(468,40): warning C4566: character represented by universal-character-name '\uFF01' cannot be represented in the current code page (1252)
  DebugEvent.cpp
D:\Research\0.temp\UnrealVTDbg-master\Hook\ntdll.h(230,23): warning C4200: nonstandard extension used: zero-sized array in struct/union
D:\Research\0.temp\UnrealVTDbg-master\Hook\ntdll.h(230,23): message : This member will be ignored by a defaulted constructor or copy/move assignment operator
D:\Research\0.temp\UnrealVTDbg-master\Hook\DebugEvent\DebugEvent.cpp(30,28): warning C4566: character represented by universal-character-name '\uFF1A' cannot be represented in the current code page (1252)
D:\Research\0.temp\UnrealVTDbg-master\Hook\DebugEvent\DebugEvent.cpp(114,44): warning C4566: character represented by universal-character-name '\u83B7' cannot be represented in the current code page (1252)
D:\Research\0.temp\UnrealVTDbg-master\Hook\DebugEvent\DebugEvent.cpp(114,44): warning C4566: character represented by universal-character-name '\u53D6' cannot be represented in the current code page (1252)
D:\Research\0.temp\UnrealVTDbg-master\Hook\DebugEvent\DebugEvent.cpp(114,44): warning C4566: character represented by universal-character-name '\u5931' cannot be represented in the current code page (1252)
D:\Research\0.temp\UnrealVTDbg-master\Hook\DebugEvent\DebugEvent.cpp(114,44): warning C4566: character represented by universal-character-name '\u8D25' cannot be represented in the current code page (1252)
D:\Research\0.temp\UnrealVTDbg-master\Hook\DebugEvent\DebugEvent.cpp(145,20): warning C4566: character represented by universal-character-name '\uFF1A' cannot be represented in the current code page (1252)
  dllmain.cpp
D:\Research\0.temp\UnrealVTDbg-master\Hook\ntdll.h(230,23): warning C4200: nonstandard extension used: zero-sized array in struct/union
D:\Research\0.temp\UnrealVTDbg-master\Hook\ntdll.h(230,23): message : This member will be ignored by a defaulted constructor or copy/move assignment operator
D:\Research\0.temp\UnrealVTDbg-master\Hook\dllmain.cpp(69,14): warning C4566: character represented by universal-character-name '\u521D' cannot be represented in the current code page (1252)
D:\Research\0.temp\UnrealVTDbg-master\Hook\dllmain.cpp(69,14): warning C4566: character represented by universal-character-name '\u59CB' cannot be represented in the current code page (1252)
D:\Research\0.temp\UnrealVTDbg-master\Hook\dllmain.cpp(69,14): warning C4566: character represented by universal-character-name '\u5316' cannot be represented in the current code page (1252)
D:\Research\0.temp\UnrealVTDbg-master\Hook\dllmain.cpp(69,14): warning C4566: character represented by universal-character-name '\u6210' cannot be represented in the current code page (1252)
D:\Research\0.temp\UnrealVTDbg-master\Hook\dllmain.cpp(69,14): warning C4566: character represented by universal-character-name '\u529F' cannot be represented in the current code page (1252)
D:\Research\0.temp\UnrealVTDbg-master\Hook\dllmain.cpp(69,14): warning C4566: character represented by universal-character-name '\uFF0C' cannot be represented in the current code page (1252)
D:\Research\0.temp\UnrealVTDbg-master\Hook\dllmain.cpp(69,14): warning C4566: character represented by universal-character-name '\u94A9' cannot be represented in the current code page (1252)
D:\Research\0.temp\UnrealVTDbg-master\Hook\dllmain.cpp(69,14): warning C4566: character represented by universal-character-name '\u5B50' cannot be represented in the current code page (1252)
D:\Research\0.temp\UnrealVTDbg-master\Hook\dllmain.cpp(69,14): warning C4566: character represented by universal-character-name '\u5B89' cannot be represented in the current code page (1252)
D:\Research\0.temp\UnrealVTDbg-master\Hook\dllmain.cpp(69,14): warning C4566: character represented by universal-character-name '\u88C5' cannot be represented in the current code page (1252)
D:\Research\0.temp\UnrealVTDbg-master\Hook\dllmain.cpp(69,14): warning C4566: character represented by universal-character-name '\u5B8C' cannot be represented in the current code page (1252)
D:\Research\0.temp\UnrealVTDbg-master\Hook\dllmain.cpp(69,14): warning C4566: character represented by universal-character-name '\u6BD5' cannot be represented in the current code page (1252)
D:\Research\0.temp\UnrealVTDbg-master\Hook\dllmain.cpp(73,14): warning C4566: character represented by universal-character-name '\u521D' cannot be represented in the current code page (1252)
D:\Research\0.temp\UnrealVTDbg-master\Hook\dllmain.cpp(73,14): warning C4566: character represented by universal-character-name '\u59CB' cannot be represented in the current code page (1252)
D:\Research\0.temp\UnrealVTDbg-master\Hook\dllmain.cpp(73,14): warning C4566: character represented by universal-character-name '\u5316' cannot be represented in the current code page (1252)
D:\Research\0.temp\UnrealVTDbg-master\Hook\dllmain.cpp(73,14): warning C4566: character represented by universal-character-name '\u8BBE' cannot be represented in the current code page (1252)
D:\Research\0.temp\UnrealVTDbg-master\Hook\dllmain.cpp(73,14): warning C4566: character represented by universal-character-name '\u5907' cannot be represented in the current code page (1252)
D:\Research\0.temp\UnrealVTDbg-master\Hook\dllmain.cpp(73,14): warning C4566: character represented by universal-character-name '\u5931' cannot be represented in the current code page (1252)
D:\Research\0.temp\UnrealVTDbg-master\Hook\dllmain.cpp(73,14): warning C4566: character represented by universal-character-name '\u8D25' cannot be represented in the current code page (1252)
D:\Research\0.temp\UnrealVTDbg-master\Hook\dllmain.cpp(101,14): warning C4566: character represented by universal-character-name '\u8FDE' cannot be represented in the current code page (1252)
D:\Research\0.temp\UnrealVTDbg-master\Hook\dllmain.cpp(101,14): warning C4566: character represented by universal-character-name '\u63A5' cannot be represented in the current code page (1252)
D:\Research\0.temp\UnrealVTDbg-master\Hook\dllmain.cpp(101,14): warning C4566: character represented by universal-character-name '\u9A71' cannot be represented in the current code page (1252)
D:\Research\0.temp\UnrealVTDbg-master\Hook\dllmain.cpp(101,14): warning C4566: character represented by universal-character-name '\u52A8' cannot be represented in the current code page (1252)
D:\Research\0.temp\UnrealVTDbg-master\Hook\dllmain.cpp(101,14): warning C4566: character represented by universal-character-name '\u5931' cannot be represented in the current code page (1252)
D:\Research\0.temp\UnrealVTDbg-master\Hook\dllmain.cpp(101,14): warning C4566: character represented by universal-character-name '\u8D25' cannot be represented in the current code page (1252)
D:\Research\0.temp\UnrealVTDbg-master\Hook\dllmain.cpp(185,20): warning C4018: '<': signed/unsigned mismatch
D:\Research\0.temp\UnrealVTDbg-master\Hook\dllmain.cpp(191,39): warning C4311: 'type cast': pointer truncation from 'HMODULE' to 'DWORD'
D:\Research\0.temp\UnrealVTDbg-master\Hook\dllmain.cpp(191,39): warning C4302: 'type cast': truncation from 'HMODULE' to 'DWORD'
D:\Research\0.temp\UnrealVTDbg-master\Hook\dllmain.cpp(191,50): warning C4312: 'type cast': conversion from 'unsigned long' to 'PVOID' of greater size
D:\Research\0.temp\UnrealVTDbg-master\Hook\dllmain.cpp(123,10): warning C4101: 'hModule': unreferenced local variable
  Globals.cpp
D:\Research\0.temp\UnrealVTDbg-master\Hook\ntdll.h(230,23): warning C4200: nonstandard extension used: zero-sized array in struct/union
D:\Research\0.temp\UnrealVTDbg-master\Hook\ntdll.h(230,23): message : This member will be ignored by a defaulted constructor or copy/move assignment operator
  functionSet.cpp
D:\Research\0.temp\UnrealVTDbg-master\Hook\ntdll.h(230,23): warning C4200: nonstandard extension used: zero-sized array in struct/union
D:\Research\0.temp\UnrealVTDbg-master\Hook\ntdll.h(230,23): message : This member will be ignored by a defaulted constructor or copy/move assignment operator
D:\Research\0.temp\UnrealVTDbg-master\Hook\HookCallSet\functionSet.cpp(49,32): warning C4566: character represented by universal-character-name '\u6216' cannot be represented in the current code page (1252)
D:\Research\0.temp\UnrealVTDbg-master\Hook\HookCallSet\functionSet.cpp(49,32): warning C4566: character represented by universal-character-name '\u4E3A' cannot be represented in the current code page (1252)
D:\Research\0.temp\UnrealVTDbg-master\Hook\HookCallSet\functionSet.cpp(49,32): warning C4566: character represented by universal-character-name '\u7A7A' cannot be represented in the current code page (1252)
D:\Research\0.temp\UnrealVTDbg-master\Hook\HookCallSet\functionSet.cpp(59,28): warning C4566: character represented by universal-character-name '\u65E0' cannot be represented in the current code page (1252)
D:\Research\0.temp\UnrealVTDbg-master\Hook\HookCallSet\functionSet.cpp(59,28): warning C4566: character represented by universal-character-name '\u6CD5' cannot be represented in the current code page (1252)
D:\Research\0.temp\UnrealVTDbg-master\Hook\HookCallSet\functionSet.cpp(59,28): warning C4566: character represented by universal-character-name '\u83B7' cannot be represented in the current code page (1252)
D:\Research\0.temp\UnrealVTDbg-master\Hook\HookCallSet\functionSet.cpp(59,28): warning C4566: character represented by universal-character-name '\u53D6' cannot be represented in the current code page (1252)
D:\Research\0.temp\UnrealVTDbg-master\Hook\HookCallSet\functionSet.cpp(59,28): warning C4566: character represented by universal-character-name '\u76EE' cannot be represented in the current code page (1252)
D:\Research\0.temp\UnrealVTDbg-master\Hook\HookCallSet\functionSet.cpp(59,28): warning C4566: character represented by universal-character-name '\u6807' cannot be represented in the current code page (1252)
D:\Research\0.temp\UnrealVTDbg-master\Hook\HookCallSet\functionSet.cpp(59,28): warning C4566: character represented by universal-character-name '\u8FDB' cannot be represented in the current code page (1252)
D:\Research\0.temp\UnrealVTDbg-master\Hook\HookCallSet\functionSet.cpp(59,28): warning C4566: character represented by universal-character-name '\u7A0B' cannot be represented in the current code page (1252)
D:\Research\0.temp\UnrealVTDbg-master\Hook\HookCallSet\functionSet.cpp(82,14): warning C4101: 'Status': unreferenced local variable
D:\Research\0.temp\UnrealVTDbg-master\Hook\HookCallSet\functionSet.cpp(80,12): warning C4101: 'hThread': unreferenced local variable
D:\Research\0.temp\UnrealVTDbg-master\Hook\HookCallSet\functionSet.cpp(81,15): warning C4101: 'ClientId': unreferenced local variable
D:\Research\0.temp\UnrealVTDbg-master\Hook\HookCallSet\functionSet.cpp(155,20): warning C4566: character represented by universal-character-name '\u521B' cannot be represented in the current code page (1252)
D:\Research\0.temp\UnrealVTDbg-master\Hook\HookCallSet\functionSet.cpp(155,20): warning C4566: character represented by universal-character-name '\u5EFA' cannot be represented in the current code page (1252)
D:\Research\0.temp\UnrealVTDbg-master\Hook\HookCallSet\functionSet.cpp(155,20): warning C4566: character represented by universal-character-name '\u8C03' cannot be represented in the current code page (1252)
D:\Research\0.temp\UnrealVTDbg-master\Hook\HookCallSet\functionSet.cpp(155,20): warning C4566: character represented by universal-character-name '\u8BD5' cannot be represented in the current code page (1252)
D:\Research\0.temp\UnrealVTDbg-master\Hook\HookCallSet\functionSet.cpp(155,20): warning C4566: character represented by universal-character-name '\u8FDB' cannot be represented in the current code page (1252)
D:\Research\0.temp\UnrealVTDbg-master\Hook\HookCallSet\functionSet.cpp(155,20): warning C4566: character represented by universal-character-name '\u7A0B' cannot be represented in the current code page (1252)
D:\Research\0.temp\UnrealVTDbg-master\Hook\HookCallSet\functionSet.cpp(166,16): warning C4566: character represented by universal-character-name '\u9644' cannot be represented in the current code page (1252)
D:\Research\0.temp\UnrealVTDbg-master\Hook\HookCallSet\functionSet.cpp(166,16): warning C4566: character represented by universal-character-name '\u52A0' cannot be represented in the current code page (1252)
D:\Research\0.temp\UnrealVTDbg-master\Hook\HookCallSet\functionSet.cpp(166,16): warning C4566: character represented by universal-character-name '\u5230' cannot be represented in the current code page (1252)
D:\Research\0.temp\UnrealVTDbg-master\Hook\HookCallSet\functionSet.cpp(166,16): warning C4566: character represented by universal-character-name '\u76EE' cannot be represented in the current code page (1252)
D:\Research\0.temp\UnrealVTDbg-master\Hook\HookCallSet\functionSet.cpp(166,16): warning C4566: character represented by universal-character-name '\u6807' cannot be represented in the current code page (1252)
D:\Research\0.temp\UnrealVTDbg-master\Hook\HookCallSet\functionSet.cpp(166,16): warning C4566: character represented by universal-character-name '\u8FDB' cannot be represented in the current code page (1252)
D:\Research\0.temp\UnrealVTDbg-master\Hook\HookCallSet\functionSet.cpp(166,16): warning C4566: character represented by universal-character-name '\u7A0B' cannot be represented in the current code page (1252)
D:\Research\0.temp\UnrealVTDbg-master\Hook\HookCallSet\functionSet.cpp(289,36): warning C4566: character represented by universal-character-name '\u5220' cannot be represented in the current code page (1252)
D:\Research\0.temp\UnrealVTDbg-master\Hook\HookCallSet\functionSet.cpp(289,36): warning C4566: character represented by universal-character-name '\u9664' cannot be represented in the current code page (1252)
D:\Research\0.temp\UnrealVTDbg-master\Hook\HookCallSet\functionSet.cpp(289,36): warning C4566: character represented by universal-character-name '\u65AD' cannot be represented in the current code page (1252)
D:\Research\0.temp\UnrealVTDbg-master\Hook\HookCallSet\functionSet.cpp(289,36): warning C4566: character represented by universal-character-name '\u70B9' cannot be represented in the current code page (1252)
D:\Research\0.temp\UnrealVTDbg-master\Hook\HookCallSet\functionSet.cpp(296,44): warning C4566: character represented by universal-character-name '\u5220' cannot be represented in the current code page (1252)
D:\Research\0.temp\UnrealVTDbg-master\Hook\HookCallSet\functionSet.cpp(296,44): warning C4566: character represented by universal-character-name '\u9664' cannot be represented in the current code page (1252)
D:\Research\0.temp\UnrealVTDbg-master\Hook\HookCallSet\functionSet.cpp(296,44): warning C4566: character represented by universal-character-name '\u65AD' cannot be represented in the current code page (1252)
D:\Research\0.temp\UnrealVTDbg-master\Hook\HookCallSet\functionSet.cpp(296,44): warning C4566: character represented by universal-character-name '\u70B9' cannot be represented in the current code page (1252)
D:\Research\0.temp\UnrealVTDbg-master\Hook\HookCallSet\functionSet.cpp(296,44): warning C4566: character represented by universal-character-name '\u5931' cannot be represented in the current code page (1252)
D:\Research\0.temp\UnrealVTDbg-master\Hook\HookCallSet\functionSet.cpp(296,44): warning C4566: character represented by universal-character-name '\u8D25' cannot be represented in the current code page (1252)
D:\Research\0.temp\UnrealVTDbg-master\Hook\HookCallSet\functionSet.cpp(301,40): warning C4566: character represented by universal-character-name '\u8BF7' cannot be represented in the current code page (1252)
D:\Research\0.temp\UnrealVTDbg-master\Hook\HookCallSet\functionSet.cpp(301,40): warning C4566: character represented by universal-character-name '\u6C42' cannot be represented in the current code page (1252)
D:\Research\0.temp\UnrealVTDbg-master\Hook\HookCallSet\functionSet.cpp(301,40): warning C4566: character represented by universal-character-name '\u5931' cannot be represented in the current code page (1252)
D:\Research\0.temp\UnrealVTDbg-master\Hook\HookCallSet\functionSet.cpp(301,40): warning C4566: character represented by universal-character-name '\u8D25' cannot be represented in the current code page (1252)
D:\Research\0.temp\UnrealVTDbg-master\Hook\HookCallSet\functionSet.cpp(324,28): warning C4566: character represented by universal-character-name '\u53EF' cannot be represented in the current code page (1252)
D:\Research\0.temp\UnrealVTDbg-master\Hook\HookCallSet\functionSet.cpp(324,28): warning C4566: character represented by universal-character-name '\u80FD' cannot be represented in the current code page (1252)
D:\Research\0.temp\UnrealVTDbg-master\Hook\HookCallSet\functionSet.cpp(324,28): warning C4566: character represented by universal-character-name '\u6709' cannot be represented in the current code page (1252)
D:\Research\0.temp\UnrealVTDbg-master\Hook\HookCallSet\functionSet.cpp(324,28): warning C4566: character represented by universal-character-name '\u4FDD' cannot be represented in the current code page (1252)
D:\Research\0.temp\UnrealVTDbg-master\Hook\HookCallSet\functionSet.cpp(324,28): warning C4566: character represented by universal-character-name '\u62A4' cannot be represented in the current code page (1252)
D:\Research\0.temp\UnrealVTDbg-master\Hook\HookCallSet\functionSet.cpp(328,28): warning C4566: character represented by universal-character-name '\u89E6' cannot be represented in the current code page (1252)
D:\Research\0.temp\UnrealVTDbg-master\Hook\HookCallSet\functionSet.cpp(328,28): warning C4566: character represented by universal-character-name '\u53D1' cannot be represented in the current code page (1252)
D:\Research\0.temp\UnrealVTDbg-master\Hook\HookCallSet\functionSet.cpp(328,28): warning C4566: character represented by universal-character-name '\u5199' cannot be represented in the current code page (1252)
D:\Research\0.temp\UnrealVTDbg-master\Hook\HookCallSet\functionSet.cpp(328,28): warning C4566: character represented by universal-character-name '\u62F7' cannot be represented in the current code page (1252)
D:\Research\0.temp\UnrealVTDbg-master\Hook\HookCallSet\functionSet.cpp(328,28): warning C4566: character represented by universal-character-name '\u8D1D' cannot be represented in the current code page (1252)
D:\Research\0.temp\UnrealVTDbg-master\Hook\HookCallSet\functionSet.cpp(378,32): warning C4566: character represented by universal-character-name '\u8BBE' cannot be represented in the current code page (1252)
D:\Research\0.temp\UnrealVTDbg-master\Hook\HookCallSet\functionSet.cpp(378,32): warning C4566: character represented by universal-character-name '\u7F6E' cannot be represented in the current code page (1252)
D:\Research\0.temp\UnrealVTDbg-master\Hook\HookCallSet\functionSet.cpp(378,32): warning C4566: character represented by universal-character-name '\u65AD' cannot be represented in the current code page (1252)
D:\Research\0.temp\UnrealVTDbg-master\Hook\HookCallSet\functionSet.cpp(378,32): warning C4566: character represented by universal-character-name '\u70B9' cannot be represented in the current code page (1252)
D:\Research\0.temp\UnrealVTDbg-master\Hook\HookCallSet\functionSet.cpp(378,32): warning C4566: character represented by universal-character-name '\u6210' cannot be represented in the current code page (1252)
D:\Research\0.temp\UnrealVTDbg-master\Hook\HookCallSet\functionSet.cpp(378,32): warning C4566: character represented by universal-character-name '\u529F' cannot be represented in the current code page (1252)
D:\Research\0.temp\UnrealVTDbg-master\Hook\HookCallSet\functionSet.cpp(378,32): warning C4566: character represented by universal-character-name '\u7269' cannot be represented in the current code page (1252)
D:\Research\0.temp\UnrealVTDbg-master\Hook\HookCallSet\functionSet.cpp(378,32): warning C4566: character represented by universal-character-name '\u7406' cannot be represented in the current code page (1252)
D:\Research\0.temp\UnrealVTDbg-master\Hook\HookCallSet\functionSet.cpp(378,32): warning C4566: character represented by universal-character-name '\u9875' cannot be represented in the current code page (1252)
D:\Research\0.temp\UnrealVTDbg-master\Hook\HookCallSet\functionSet.cpp(383,40): warning C4566: character represented by universal-character-name '\u8BBE' cannot be represented in the current code page (1252)
D:\Research\0.temp\UnrealVTDbg-master\Hook\HookCallSet\functionSet.cpp(383,40): warning C4566: character represented by universal-character-name '\u7F6E' cannot be represented in the current code page (1252)
D:\Research\0.temp\UnrealVTDbg-master\Hook\HookCallSet\functionSet.cpp(383,40): warning C4566: character represented by universal-character-name '\u65AD' cannot be represented in the current code page (1252)
D:\Research\0.temp\UnrealVTDbg-master\Hook\HookCallSet\functionSet.cpp(383,40): warning C4566: character represented by universal-character-name '\u70B9' cannot be represented in the current code page (1252)
D:\Research\0.temp\UnrealVTDbg-master\Hook\HookCallSet\functionSet.cpp(383,40): warning C4566: character represented by universal-character-name '\u5931' cannot be represented in the current code page (1252)
D:\Research\0.temp\UnrealVTDbg-master\Hook\HookCallSet\functionSet.cpp(383,40): warning C4566: character represented by universal-character-name '\u8D25' cannot be represented in the current code page (1252)
D:\Research\0.temp\UnrealVTDbg-master\Hook\HookCallSet\functionSet.cpp(388,36): warning C4566: character represented by universal-character-name '\u8BF7' cannot be represented in the current code page (1252)
D:\Research\0.temp\UnrealVTDbg-master\Hook\HookCallSet\functionSet.cpp(388,36): warning C4566: character represented by universal-character-name '\u6C42' cannot be represented in the current code page (1252)
D:\Research\0.temp\UnrealVTDbg-master\Hook\HookCallSet\functionSet.cpp(388,36): warning C4566: character represented by universal-character-name '\u5931' cannot be represented in the current code page (1252)
D:\Research\0.temp\UnrealVTDbg-master\Hook\HookCallSet\functionSet.cpp(388,36): warning C4566: character represented by universal-character-name '\u8D25' cannot be represented in the current code page (1252)
D:\Research\0.temp\UnrealVTDbg-master\Hook\HookCallSet\functionSet.cpp(457,35): warning C4244: '=': conversion from 'SIZE_T' to 'int', possible loss of data
D:\Research\0.temp\UnrealVTDbg-master\Hook\HookCallSet\functionSet.cpp(491,44): warning C4566: character represented by universal-character-name '\u8BFB' cannot be represented in the current code page (1252)
D:\Research\0.temp\UnrealVTDbg-master\Hook\HookCallSet\functionSet.cpp(491,44): warning C4566: character represented by universal-character-name '\u53D6' cannot be represented in the current code page (1252)
D:\Research\0.temp\UnrealVTDbg-master\Hook\HookCallSet\functionSet.cpp(491,44): warning C4566: character represented by universal-character-name '\u65AD' cannot be represented in the current code page (1252)
D:\Research\0.temp\UnrealVTDbg-master\Hook\HookCallSet\functionSet.cpp(491,44): warning C4566: character represented by universal-character-name '\u70B9' cannot be represented in the current code page (1252)
D:\Research\0.temp\UnrealVTDbg-master\Hook\HookCallSet\functionSet.cpp(491,44): warning C4566: character represented by universal-character-name '\u5931' cannot be represented in the current code page (1252)
D:\Research\0.temp\UnrealVTDbg-master\Hook\HookCallSet\functionSet.cpp(491,44): warning C4566: character represented by universal-character-name '\u8D25' cannot be represented in the current code page (1252)
D:\Research\0.temp\UnrealVTDbg-master\Hook\HookCallSet\functionSet.cpp(496,40): warning C4566: character represented by universal-character-name '\u8BF7' cannot be represented in the current code page (1252)
D:\Research\0.temp\UnrealVTDbg-master\Hook\HookCallSet\functionSet.cpp(496,40): warning C4566: character represented by universal-character-name '\u6C42' cannot be represented in the current code page (1252)
D:\Research\0.temp\UnrealVTDbg-master\Hook\HookCallSet\functionSet.cpp(496,40): warning C4566: character represented by universal-character-name '\u5931' cannot be represented in the current code page (1252)
D:\Research\0.temp\UnrealVTDbg-master\Hook\HookCallSet\functionSet.cpp(496,40): warning C4566: character represented by universal-character-name '\u8D25' cannot be represented in the current code page (1252)
D:\Research\0.temp\UnrealVTDbg-master\Hook\HookCallSet\functionSet.cpp(534,20): warning C4566: character represented by universal-character-name '\u7A7A' cannot be represented in the current code page (1252)
D:\Research\0.temp\UnrealVTDbg-master\Hook\HookCallSet\functionSet.cpp(534,20): warning C4566: character represented by universal-character-name '\u6307' cannot be represented in the current code page (1252)
D:\Research\0.temp\UnrealVTDbg-master\Hook\HookCallSet\functionSet.cpp(534,20): warning C4566: character represented by universal-character-name '\u9488' cannot be represented in the current code page (1252)
D:\Research\0.temp\UnrealVTDbg-master\Hook\HookCallSet\functionSet.cpp(556,20): warning C4566: character represented by universal-character-name '\u7A7A' cannot be represented in the current code page (1252)
D:\Research\0.temp\UnrealVTDbg-master\Hook\HookCallSet\functionSet.cpp(556,20): warning C4566: character represented by universal-character-name '\u6307' cannot be represented in the current code page (1252)
D:\Research\0.temp\UnrealVTDbg-master\Hook\HookCallSet\functionSet.cpp(556,20): warning C4566: character represented by universal-character-name '\u9488' cannot be represented in the current code page (1252)
D:\Research\0.temp\UnrealVTDbg-master\Hook\HookCallSet\functionSet.cpp(578,20): warning C4566: character represented by universal-character-name '\u7A7A' cannot be represented in the current code page (1252)
D:\Research\0.temp\UnrealVTDbg-master\Hook\HookCallSet\functionSet.cpp(578,20): warning C4566: character represented by universal-character-name '\u6307' cannot be represented in the current code page (1252)
D:\Research\0.temp\UnrealVTDbg-master\Hook\HookCallSet\functionSet.cpp(578,20): warning C4566: character represented by universal-character-name '\u9488' cannot be represented in the current code page (1252)
D:\Research\0.temp\UnrealVTDbg-master\Hook\HookCallSet\functionSet.cpp(600,20): warning C4566: character represented by universal-character-name '\u7A7A' cannot be represented in the current code page (1252)
D:\Research\0.temp\UnrealVTDbg-master\Hook\HookCallSet\functionSet.cpp(600,20): warning C4566: character represented by universal-character-name '\u6307' cannot be represented in the current code page (1252)
D:\Research\0.temp\UnrealVTDbg-master\Hook\HookCallSet\functionSet.cpp(600,20): warning C4566: character represented by universal-character-name '\u9488' cannot be represented in the current code page (1252)
D:\Research\0.temp\UnrealVTDbg-master\Hook\HookCallSet\functionSet.cpp(622,20): warning C4566: character represented by universal-character-name '\u7A7A' cannot be represented in the current code page (1252)
D:\Research\0.temp\UnrealVTDbg-master\Hook\HookCallSet\functionSet.cpp(622,20): warning C4566: character represented by universal-character-name '\u6307' cannot be represented in the current code page (1252)
D:\Research\0.temp\UnrealVTDbg-master\Hook\HookCallSet\functionSet.cpp(622,20): warning C4566: character represented by universal-character-name '\u9488' cannot be represented in the current code page (1252)
D:\Research\0.temp\UnrealVTDbg-master\Hook\HookCallSet\functionSet.cpp(644,20): warning C4566: character represented by universal-character-name '\u7A7A' cannot be represented in the current code page (1252)
D:\Research\0.temp\UnrealVTDbg-master\Hook\HookCallSet\functionSet.cpp(644,20): warning C4566: character represented by universal-character-name '\u6307' cannot be represented in the current code page (1252)
D:\Research\0.temp\UnrealVTDbg-master\Hook\HookCallSet\functionSet.cpp(644,20): warning C4566: character represented by universal-character-name '\u9488' cannot be represented in the current code page (1252)
D:\Research\0.temp\UnrealVTDbg-master\Hook\HookCallSet\functionSet.cpp(666,20): warning C4566: character represented by universal-character-name '\u7A7A' cannot be represented in the current code page (1252)
D:\Research\0.temp\UnrealVTDbg-master\Hook\HookCallSet\functionSet.cpp(666,20): warning C4566: character represented by universal-character-name '\u6307' cannot be represented in the current code page (1252)
D:\Research\0.temp\UnrealVTDbg-master\Hook\HookCallSet\functionSet.cpp(666,20): warning C4566: character represented by universal-character-name '\u9488' cannot be represented in the current code page (1252)
D:\Research\0.temp\UnrealVTDbg-master\Hook\HookCallSet\functionSet.cpp(689,20): warning C4566: character represented by universal-character-name '\u7A7A' cannot be represented in the current code page (1252)
D:\Research\0.temp\UnrealVTDbg-master\Hook\HookCallSet\functionSet.cpp(689,20): warning C4566: character represented by universal-character-name '\u6307' cannot be represented in the current code page (1252)
D:\Research\0.temp\UnrealVTDbg-master\Hook\HookCallSet\functionSet.cpp(689,20): warning C4566: character represented by universal-character-name '\u9488' cannot be represented in the current code page (1252)
D:\Research\0.temp\UnrealVTDbg-master\Hook\HookCallSet\functionSet.cpp(711,20): warning C4566: character represented by universal-character-name '\u7A7A' cannot be represented in the current code page (1252)
D:\Research\0.temp\UnrealVTDbg-master\Hook\HookCallSet\functionSet.cpp(711,20): warning C4566: character represented by universal-character-name '\u6307' cannot be represented in the current code page (1252)
D:\Research\0.temp\UnrealVTDbg-master\Hook\HookCallSet\functionSet.cpp(711,20): warning C4566: character represented by universal-character-name '\u9488' cannot be represented in the current code page (1252)
D:\Research\0.temp\UnrealVTDbg-master\Hook\HookCallSet\functionSet.cpp(733,20): warning C4566: character represented by universal-character-name '\u7A7A' cannot be represented in the current code page (1252)
D:\Research\0.temp\UnrealVTDbg-master\Hook\HookCallSet\functionSet.cpp(733,20): warning C4566: character represented by universal-character-name '\u6307' cannot be represented in the current code page (1252)
D:\Research\0.temp\UnrealVTDbg-master\Hook\HookCallSet\functionSet.cpp(733,20): warning C4566: character represented by universal-character-name '\u9488' cannot be represented in the current code page (1252)
D:\Research\0.temp\UnrealVTDbg-master\Hook\HookCallSet\functionSet.cpp(755,20): warning C4566: character represented by universal-character-name '\u7A7A' cannot be represented in the current code page (1252)
D:\Research\0.temp\UnrealVTDbg-master\Hook\HookCallSet\functionSet.cpp(755,20): warning C4566: character represented by universal-character-name '\u6307' cannot be represented in the current code page (1252)
D:\Research\0.temp\UnrealVTDbg-master\Hook\HookCallSet\functionSet.cpp(755,20): warning C4566: character represented by universal-character-name '\u9488' cannot be represented in the current code page (1252)
D:\Research\0.temp\UnrealVTDbg-master\Hook\HookCallSet\functionSet.cpp(778,20): warning C4566: character represented by universal-character-name '\u7A7A' cannot be represented in the current code page (1252)
D:\Research\0.temp\UnrealVTDbg-master\Hook\HookCallSet\functionSet.cpp(778,20): warning C4566: character represented by universal-character-name '\u6307' cannot be represented in the current code page (1252)
D:\Research\0.temp\UnrealVTDbg-master\Hook\HookCallSet\functionSet.cpp(778,20): warning C4566: character represented by universal-character-name '\u9488' cannot be represented in the current code page (1252)
D:\Research\0.temp\UnrealVTDbg-master\Hook\HookCallSet\functionSet.cpp(800,20): warning C4566: character represented by universal-character-name '\u7A7A' cannot be represented in the current code page (1252)
D:\Research\0.temp\UnrealVTDbg-master\Hook\HookCallSet\functionSet.cpp(800,20): warning C4566: character represented by universal-character-name '\u6307' cannot be represented in the current code page (1252)
D:\Research\0.temp\UnrealVTDbg-master\Hook\HookCallSet\functionSet.cpp(800,20): warning C4566: character represented by universal-character-name '\u9488' cannot be represented in the current code page (1252)
D:\Research\0.temp\UnrealVTDbg-master\Hook\HookCallSet\functionSet.cpp(822,20): warning C4566: character represented by universal-character-name '\u7A7A' cannot be represented in the current code page (1252)
D:\Research\0.temp\UnrealVTDbg-master\Hook\HookCallSet\functionSet.cpp(822,20): warning C4566: character represented by universal-character-name '\u6307' cannot be represented in the current code page (1252)
D:\Research\0.temp\UnrealVTDbg-master\Hook\HookCallSet\functionSet.cpp(822,20): warning C4566: character represented by universal-character-name '\u9488' cannot be represented in the current code page (1252)
D:\Research\0.temp\UnrealVTDbg-master\Hook\HookCallSet\functionSet.cpp(844,20): warning C4566: character represented by universal-character-name '\u7A7A' cannot be represented in the current code page (1252)
D:\Research\0.temp\UnrealVTDbg-master\Hook\HookCallSet\functionSet.cpp(844,20): warning C4566: character represented by universal-character-name '\u6307' cannot be represented in the current code page (1252)
D:\Research\0.temp\UnrealVTDbg-master\Hook\HookCallSet\functionSet.cpp(844,20): warning C4566: character represented by universal-character-name '\u9488' cannot be represented in the current code page (1252)
D:\Research\0.temp\UnrealVTDbg-master\Hook\HookCallSet\functionSet.cpp(883,20): warning C4566: character represented by universal-character-name '\u7A7A' cannot be represented in the current code page (1252)
D:\Research\0.temp\UnrealVTDbg-master\Hook\HookCallSet\functionSet.cpp(883,20): warning C4566: character represented by universal-character-name '\u6307' cannot be represented in the current code page (1252)
D:\Research\0.temp\UnrealVTDbg-master\Hook\HookCallSet\functionSet.cpp(883,20): warning C4566: character represented by universal-character-name '\u9488' cannot be represented in the current code page (1252)
  ApcInject.cpp
D:\Research\0.temp\UnrealVTDbg-master\Hook\ntdll.h(230,23): warning C4200: nonstandard extension used: zero-sized array in struct/union
D:\Research\0.temp\UnrealVTDbg-master\Hook\ntdll.h(230,23): message : This member will be ignored by a defaulted constructor or copy/move assignment operator
D:\Research\0.temp\UnrealVTDbg-master\Hook\Inject\ApcInject\ApcInject.cpp(10,14): warning C4566: character represented by universal-character-name '\u6CE8' cannot be represented in the current code page (1252)
D:\Research\0.temp\UnrealVTDbg-master\Hook\Inject\ApcInject\ApcInject.cpp(10,14): warning C4566: character represented by universal-character-name '\u5165' cannot be represented in the current code page (1252)
D:\Research\0.temp\UnrealVTDbg-master\Hook\Inject\ApcInject\ApcInject.cpp(10,14): warning C4566: character represented by universal-character-name '\u7EBF' cannot be represented in the current code page (1252)
D:\Research\0.temp\UnrealVTDbg-master\Hook\Inject\ApcInject\ApcInject.cpp(10,14): warning C4566: character represented by universal-character-name '\u7A0B' cannot be represented in the current code page (1252)
D:\Research\0.temp\UnrealVTDbg-master\Hook\Inject\ApcInject\ApcInject.cpp(10,14): warning C4566: character represented by universal-character-name '\u5931' cannot be represented in the current code page (1252)
D:\Research\0.temp\UnrealVTDbg-master\Hook\Inject\ApcInject\ApcInject.cpp(10,14): warning C4566: character represented by universal-character-name '\u8D25' cannot be represented in the current code page (1252)
D:\Research\0.temp\UnrealVTDbg-master\Hook\Inject\ApcInject\ApcInject.cpp(14,14): warning C4566: character represented by universal-character-name '\u6CE8' cannot be represented in the current code page (1252)
D:\Research\0.temp\UnrealVTDbg-master\Hook\Inject\ApcInject\ApcInject.cpp(14,14): warning C4566: character represented by universal-character-name '\u5165' cannot be represented in the current code page (1252)
D:\Research\0.temp\UnrealVTDbg-master\Hook\Inject\ApcInject\ApcInject.cpp(14,14): warning C4566: character represented by universal-character-name '\u6210' cannot be represented in the current code page (1252)
D:\Research\0.temp\UnrealVTDbg-master\Hook\Inject\ApcInject\ApcInject.cpp(14,14): warning C4566: character represented by universal-character-name '\u529F' cannot be represented in the current code page (1252)
  InjectCode.cpp
D:\Research\0.temp\UnrealVTDbg-master\Hook\ntdll.h(230,23): warning C4200: nonstandard extension used: zero-sized array in struct/union
D:\Research\0.temp\UnrealVTDbg-master\Hook\ntdll.h(230,23): message : This member will be ignored by a defaulted constructor or copy/move assignment operator
D:\Research\0.temp\UnrealVTDbg-master\Hook\Inject\ShellCode\InjectCode.cpp(37,30): warning C4566: character represented by universal-character-name '\u62F7' cannot be represented in the current code page (1252)
D:\Research\0.temp\UnrealVTDbg-master\Hook\Inject\ShellCode\InjectCode.cpp(37,30): warning C4566: character represented by universal-character-name '\u8D1D' cannot be represented in the current code page (1252)
D:\Research\0.temp\UnrealVTDbg-master\Hook\Inject\ShellCode\InjectCode.cpp(37,30): warning C4566: character represented by universal-character-name '\u5931' cannot be represented in the current code page (1252)
D:\Research\0.temp\UnrealVTDbg-master\Hook\Inject\ShellCode\InjectCode.cpp(37,30): warning C4566: character represented by universal-character-name '\u8D25' cannot be represented in the current code page (1252)
D:\Research\0.temp\UnrealVTDbg-master\Hook\Inject\ShellCode\InjectCode.cpp(42,30): warning C4566: character represented by universal-character-name '\u5199' cannot be represented in the current code page (1252)
D:\Research\0.temp\UnrealVTDbg-master\Hook\Inject\ShellCode\InjectCode.cpp(42,30): warning C4566: character represented by universal-character-name '\u5165' cannot be represented in the current code page (1252)
D:\Research\0.temp\UnrealVTDbg-master\Hook\Inject\ShellCode\InjectCode.cpp(42,30): warning C4566: character represented by universal-character-name '\u6570' cannot be represented in the current code page (1252)
D:\Research\0.temp\UnrealVTDbg-master\Hook\Inject\ShellCode\InjectCode.cpp(42,30): warning C4566: character represented by universal-character-name '\u636E' cannot be represented in the current code page (1252)
D:\Research\0.temp\UnrealVTDbg-master\Hook\Inject\ShellCode\InjectCode.cpp(42,30): warning C4566: character represented by universal-character-name '\u5931' cannot be represented in the current code page (1252)
D:\Research\0.temp\UnrealVTDbg-master\Hook\Inject\ShellCode\InjectCode.cpp(42,30): warning C4566: character represented by universal-character-name '\u8D25' cannot be represented in the current code page (1252)
D:\Research\0.temp\UnrealVTDbg-master\Hook\Inject\ShellCode\InjectCode.cpp(50,15): warning C4566: character represented by universal-character-name '\u6253' cannot be represented in the current code page (1252)
D:\Research\0.temp\UnrealVTDbg-master\Hook\Inject\ShellCode\InjectCode.cpp(50,15): warning C4566: character represented by universal-character-name '\u5F00' cannot be represented in the current code page (1252)
D:\Research\0.temp\UnrealVTDbg-master\Hook\Inject\ShellCode\InjectCode.cpp(50,15): warning C4566: character represented by universal-character-name '\u8FDB' cannot be represented in the current code page (1252)
D:\Research\0.temp\UnrealVTDbg-master\Hook\Inject\ShellCode\InjectCode.cpp(50,15): warning C4566: character represented by universal-character-name '\u7A0B' cannot be represented in the current code page (1252)
D:\Research\0.temp\UnrealVTDbg-master\Hook\Inject\ShellCode\InjectCode.cpp(50,15): warning C4566: character represented by universal-character-name '\u5931' cannot be represented in the current code page (1252)
D:\Research\0.temp\UnrealVTDbg-master\Hook\Inject\ShellCode\InjectCode.cpp(50,15): warning C4566: character represented by universal-character-name '\u8D25' cannot be represented in the current code page (1252)
D:\Research\0.temp\UnrealVTDbg-master\Hook\Inject\ShellCode\InjectCode.cpp(73,30): warning C4566: character represented by universal-character-name '\u5199' cannot be represented in the current code page (1252)
D:\Research\0.temp\UnrealVTDbg-master\Hook\Inject\ShellCode\InjectCode.cpp(73,30): warning C4566: character represented by universal-character-name '\u5165' cannot be represented in the current code page (1252)
D:\Research\0.temp\UnrealVTDbg-master\Hook\Inject\ShellCode\InjectCode.cpp(73,30): warning C4566: character represented by universal-character-name '\u6570' cannot be represented in the current code page (1252)
D:\Research\0.temp\UnrealVTDbg-master\Hook\Inject\ShellCode\InjectCode.cpp(73,30): warning C4566: character represented by universal-character-name '\u636E' cannot be represented in the current code page (1252)
D:\Research\0.temp\UnrealVTDbg-master\Hook\Inject\ShellCode\InjectCode.cpp(73,30): warning C4566: character represented by universal-character-name '\u5931' cannot be represented in the current code page (1252)
D:\Research\0.temp\UnrealVTDbg-master\Hook\Inject\ShellCode\InjectCode.cpp(73,30): warning C4566: character represented by universal-character-name '\u8D25' cannot be represented in the current code page (1252)
D:\Research\0.temp\UnrealVTDbg-master\Hook\Inject\ShellCode\InjectCode.cpp(80,15): warning C4566: character represented by universal-character-name '\u6253' cannot be represented in the current code page (1252)
D:\Research\0.temp\UnrealVTDbg-master\Hook\Inject\ShellCode\InjectCode.cpp(80,15): warning C4566: character represented by universal-character-name '\u5F00' cannot be represented in the current code page (1252)
D:\Research\0.temp\UnrealVTDbg-master\Hook\Inject\ShellCode\InjectCode.cpp(80,15): warning C4566: character represented by universal-character-name '\u8FDB' cannot be represented in the current code page (1252)
D:\Research\0.temp\UnrealVTDbg-master\Hook\Inject\ShellCode\InjectCode.cpp(80,15): warning C4566: character represented by universal-character-name '\u7A0B' cannot be represented in the current code page (1252)
D:\Research\0.temp\UnrealVTDbg-master\Hook\Inject\ShellCode\InjectCode.cpp(80,15): warning C4566: character represented by universal-character-name '\u5931' cannot be represented in the current code page (1252)
D:\Research\0.temp\UnrealVTDbg-master\Hook\Inject\ShellCode\InjectCode.cpp(80,15): warning C4566: character represented by universal-character-name '\u8D25' cannot be represented in the current code page (1252)
D:\Research\0.temp\UnrealVTDbg-master\Hook\Inject\ShellCode\InjectCode.cpp(109,30): warning C4566: character represented by universal-character-name '\u62F7' cannot be represented in the current code page (1252)
D:\Research\0.temp\UnrealVTDbg-master\Hook\Inject\ShellCode\InjectCode.cpp(109,30): warning C4566: character represented by universal-character-name '\u8D1D' cannot be represented in the current code page (1252)
D:\Research\0.temp\UnrealVTDbg-master\Hook\Inject\ShellCode\InjectCode.cpp(109,30): warning C4566: character represented by universal-character-name '\u5931' cannot be represented in the current code page (1252)
D:\Research\0.temp\UnrealVTDbg-master\Hook\Inject\ShellCode\InjectCode.cpp(109,30): warning C4566: character represented by universal-character-name '\u8D25' cannot be represented in the current code page (1252)
D:\Research\0.temp\UnrealVTDbg-master\Hook\Inject\ShellCode\InjectCode.cpp(114,30): warning C4566: character represented by universal-character-name '\u5199' cannot be represented in the current code page (1252)
D:\Research\0.temp\UnrealVTDbg-master\Hook\Inject\ShellCode\InjectCode.cpp(114,30): warning C4566: character represented by universal-character-name '\u5165' cannot be represented in the current code page (1252)
D:\Research\0.temp\UnrealVTDbg-master\Hook\Inject\ShellCode\InjectCode.cpp(114,30): warning C4566: character represented by universal-character-name '\u6570' cannot be represented in the current code page (1252)
D:\Research\0.temp\UnrealVTDbg-master\Hook\Inject\ShellCode\InjectCode.cpp(114,30): warning C4566: character represented by universal-character-name '\u636E' cannot be represented in the current code page (1252)
D:\Research\0.temp\UnrealVTDbg-master\Hook\Inject\ShellCode\InjectCode.cpp(114,30): warning C4566: character represented by universal-character-name '\u5931' cannot be represented in the current code page (1252)
D:\Research\0.temp\UnrealVTDbg-master\Hook\Inject\ShellCode\InjectCode.cpp(114,30): warning C4566: character represented by universal-character-name '\u8D25' cannot be represented in the current code page (1252)
D:\Research\0.temp\UnrealVTDbg-master\Hook\Inject\ShellCode\InjectCode.cpp(122,15): warning C4566: character represented by universal-character-name '\u6253' cannot be represented in the current code page (1252)
D:\Research\0.temp\UnrealVTDbg-master\Hook\Inject\ShellCode\InjectCode.cpp(122,15): warning C4566: character represented by universal-character-name '\u5F00' cannot be represented in the current code page (1252)
D:\Research\0.temp\UnrealVTDbg-master\Hook\Inject\ShellCode\InjectCode.cpp(122,15): warning C4566: character represented by universal-character-name '\u8FDB' cannot be represented in the current code page (1252)
D:\Research\0.temp\UnrealVTDbg-master\Hook\Inject\ShellCode\InjectCode.cpp(122,15): warning C4566: character represented by universal-character-name '\u7A0B' cannot be represented in the current code page (1252)
D:\Research\0.temp\UnrealVTDbg-master\Hook\Inject\ShellCode\InjectCode.cpp(122,15): warning C4566: character represented by universal-character-name '\u5931' cannot be represented in the current code page (1252)
D:\Research\0.temp\UnrealVTDbg-master\Hook\Inject\ShellCode\InjectCode.cpp(122,15): warning C4566: character represented by universal-character-name '\u8D25' cannot be represented in the current code page (1252)
D:\Research\0.temp\UnrealVTDbg-master\Hook\Inject\ShellCode\InjectCode.cpp(145,30): warning C4566: character represented by universal-character-name '\u5199' cannot be represented in the current code page (1252)
D:\Research\0.temp\UnrealVTDbg-master\Hook\Inject\ShellCode\InjectCode.cpp(145,30): warning C4566: character represented by universal-character-name '\u5165' cannot be represented in the current code page (1252)
D:\Research\0.temp\UnrealVTDbg-master\Hook\Inject\ShellCode\InjectCode.cpp(145,30): warning C4566: character represented by universal-character-name '\u6570' cannot be represented in the current code page (1252)
D:\Research\0.temp\UnrealVTDbg-master\Hook\Inject\ShellCode\InjectCode.cpp(145,30): warning C4566: character represented by universal-character-name '\u636E' cannot be represented in the current code page (1252)
D:\Research\0.temp\UnrealVTDbg-master\Hook\Inject\ShellCode\InjectCode.cpp(145,30): warning C4566: character represented by universal-character-name '\u5931' cannot be represented in the current code page (1252)
D:\Research\0.temp\UnrealVTDbg-master\Hook\Inject\ShellCode\InjectCode.cpp(145,30): warning C4566: character represented by universal-character-name '\u8D25' cannot be represented in the current code page (1252)
D:\Research\0.temp\UnrealVTDbg-master\Hook\Inject\ShellCode\InjectCode.cpp(152,15): warning C4566: character represented by universal-character-name '\u6253' cannot be represented in the current code page (1252)
D:\Research\0.temp\UnrealVTDbg-master\Hook\Inject\ShellCode\InjectCode.cpp(152,15): warning C4566: character represented by universal-character-name '\u5F00' cannot be represented in the current code page (1252)
D:\Research\0.temp\UnrealVTDbg-master\Hook\Inject\ShellCode\InjectCode.cpp(152,15): warning C4566: character represented by universal-character-name '\u8FDB' cannot be represented in the current code page (1252)
D:\Research\0.temp\UnrealVTDbg-master\Hook\Inject\ShellCode\InjectCode.cpp(152,15): warning C4566: character represented by universal-character-name '\u7A0B' cannot be represented in the current code page (1252)
D:\Research\0.temp\UnrealVTDbg-master\Hook\Inject\ShellCode\InjectCode.cpp(152,15): warning C4566: character represented by universal-character-name '\u5931' cannot be represented in the current code page (1252)
D:\Research\0.temp\UnrealVTDbg-master\Hook\Inject\ShellCode\InjectCode.cpp(152,15): warning C4566: character represented by universal-character-name '\u8D25' cannot be represented in the current code page (1252)
D:\Research\0.temp\UnrealVTDbg-master\Hook\Inject\ShellCode\InjectCode.cpp(230,15): warning C4566: character represented by universal-character-name '\u542F' cannot be represented in the current code page (1252)
D:\Research\0.temp\UnrealVTDbg-master\Hook\Inject\ShellCode\InjectCode.cpp(230,15): warning C4566: character represented by universal-character-name '\u52A8' cannot be represented in the current code page (1252)
D:\Research\0.temp\UnrealVTDbg-master\Hook\Inject\ShellCode\InjectCode.cpp(230,15): warning C4566: character represented by universal-character-name '\u8FDC' cannot be represented in the current code page (1252)
D:\Research\0.temp\UnrealVTDbg-master\Hook\Inject\ShellCode\InjectCode.cpp(230,15): warning C4566: character represented by universal-character-name '\u7A0B' cannot be represented in the current code page (1252)
D:\Research\0.temp\UnrealVTDbg-master\Hook\Inject\ShellCode\InjectCode.cpp(230,15): warning C4566: character represented by universal-character-name '\u7EBF' cannot be represented in the current code page (1252)
D:\Research\0.temp\UnrealVTDbg-master\Hook\Inject\ShellCode\InjectCode.cpp(230,15): warning C4566: character represented by universal-character-name '\u6210' cannot be represented in the current code page (1252)
D:\Research\0.temp\UnrealVTDbg-master\Hook\Inject\ShellCode\InjectCode.cpp(230,15): warning C4566: character represented by universal-character-name '\u529F' cannot be represented in the current code page (1252)
D:\Research\0.temp\UnrealVTDbg-master\Hook\Inject\ShellCode\InjectCode.cpp(230,15): warning C4566: character represented by universal-character-name '\uFF01' cannot be represented in the current code page (1252)
D:\Research\0.temp\UnrealVTDbg-master\Hook\Inject\ShellCode\InjectCode.cpp(171,11): warning C4101: 'Status': unreferenced local variable
D:\Research\0.temp\UnrealVTDbg-master\Hook\Inject\ShellCode\InjectCode.cpp(169,9): warning C4101: 'hThread': unreferenced local variable
D:\Research\0.temp\UnrealVTDbg-master\Hook\Inject\ShellCode\InjectCode.cpp(170,12): warning C4101: 'ClientId': unreferenced local variable
D:\Research\0.temp\UnrealVTDbg-master\Hook\Inject\ShellCode\InjectCode.cpp(165,8): warning C4101: 'remoteAddress': unreferenced local variable
  Log.cpp
D:\Research\0.temp\UnrealVTDbg-master\Hook\ntdll.h(230,23): warning C4200: nonstandard extension used: zero-sized array in struct/union
D:\Research\0.temp\UnrealVTDbg-master\Hook\ntdll.h(230,23): message : This member will be ignored by a defaulted constructor or copy/move assignment operator
  vmx.cpp
D:\Research\0.temp\UnrealVTDbg-master\Hook\ntdll.h(230,23): warning C4200: nonstandard extension used: zero-sized array in struct/union
D:\Research\0.temp\UnrealVTDbg-master\Hook\ntdll.h(230,23): message : This member will be ignored by a defaulted constructor or copy/move assignment operator
D:\Research\0.temp\UnrealVTDbg-master\Hook\vmx\vmx.cpp(21,12): warning C4334: '<<': result of 32-bit shift implicitly converted to 64 bits (was 64-bit shift intended?)
D:\Research\0.temp\UnrealVTDbg-master\Hook\vmx\vmx.cpp(23,80): warning C4334: '<<': result of 32-bit shift implicitly converted to 64 bits (was 64-bit shift intended?)
D:\Research\0.temp\UnrealVTDbg-master\Hook\vmx\vmx.cpp(26,42): warning C4566: character represented by universal-character-name '\u8BBE' cannot be represented in the current code page (1252)
D:\Research\0.temp\UnrealVTDbg-master\Hook\vmx\vmx.cpp(26,42): warning C4566: character represented by universal-character-name '\u7F6E' cannot be represented in the current code page (1252)
D:\Research\0.temp\UnrealVTDbg-master\Hook\vmx\vmx.cpp(26,42): warning C4566: character represented by universal-character-name '\u7EBF' cannot be represented in the current code page (1252)
D:\Research\0.temp\UnrealVTDbg-master\Hook\vmx\vmx.cpp(26,42): warning C4566: character represented by universal-character-name '\u7A0B' cannot be represented in the current code page (1252)
D:\Research\0.temp\UnrealVTDbg-master\Hook\vmx\vmx.cpp(26,42): warning C4566: character represented by universal-character-name '\u4EB2' cannot be represented in the current code page (1252)
D:\Research\0.temp\UnrealVTDbg-master\Hook\vmx\vmx.cpp(26,42): warning C4566: character represented by universal-character-name '\u548C' cannot be represented in the current code page (1252)
D:\Research\0.temp\UnrealVTDbg-master\Hook\vmx\vmx.cpp(26,42): warning C4566: character represented by universal-character-name '\u6027' cannot be represented in the current code page (1252)
D:\Research\0.temp\UnrealVTDbg-master\Hook\vmx\vmx.cpp(26,42): warning C4566: character represented by universal-character-name '\u5931' cannot be represented in the current code page (1252)
D:\Research\0.temp\UnrealVTDbg-master\Hook\vmx\vmx.cpp(26,42): warning C4566: character represented by universal-character-name '\u8D25' cannot be represented in the current code page (1252)
D:\Research\0.temp\UnrealVTDbg-master\Hook\vmx\vmx.cpp(31,38): warning C4566: character represented by universal-character-name '\u8BBE' cannot be represented in the current code page (1252)
D:\Research\0.temp\UnrealVTDbg-master\Hook\vmx\vmx.cpp(31,38): warning C4566: character represented by universal-character-name '\u7F6E' cannot be represented in the current code page (1252)
D:\Research\0.temp\UnrealVTDbg-master\Hook\vmx\vmx.cpp(31,38): warning C4566: character represented by universal-character-name '\u8FDB' cannot be represented in the current code page (1252)
D:\Research\0.temp\UnrealVTDbg-master\Hook\vmx\vmx.cpp(31,38): warning C4566: character represented by universal-character-name '\u7A0B' cannot be represented in the current code page (1252)
D:\Research\0.temp\UnrealVTDbg-master\Hook\vmx\vmx.cpp(31,38): warning C4566: character represented by universal-character-name '\u4EB2' cannot be represented in the current code page (1252)
D:\Research\0.temp\UnrealVTDbg-master\Hook\vmx\vmx.cpp(31,38): warning C4566: character represented by universal-character-name '\u548C' cannot be represented in the current code page (1252)
D:\Research\0.temp\UnrealVTDbg-master\Hook\vmx\vmx.cpp(31,38): warning C4566: character represented by universal-character-name '\u6027' cannot be represented in the current code page (1252)
D:\Research\0.temp\UnrealVTDbg-master\Hook\vmx\vmx.cpp(31,38): warning C4566: character represented by universal-character-name '\u5931' cannot be represented in the current code page (1252)
D:\Research\0.temp\UnrealVTDbg-master\Hook\vmx\vmx.cpp(31,38): warning C4566: character represented by universal-character-name '\u8D25' cannot be represented in the current code page (1252)
D:\Research\0.temp\UnrealVTDbg-master\Hook\vmx\vmx.cpp(54,20): warning C4566: character represented by universal-character-name '\u6267' cannot be represented in the current code page (1252)
D:\Research\0.temp\UnrealVTDbg-master\Hook\vmx\vmx.cpp(54,20): warning C4566: character represented by universal-character-name '\u884C' cannot be represented in the current code page (1252)
D:\Research\0.temp\UnrealVTDbg-master\Hook\vmx\vmx.cpp(54,20): warning C4566: character represented by universal-character-name '\u65F6' cannot be represented in the current code page (1252)
D:\Research\0.temp\UnrealVTDbg-master\Hook\vmx\vmx.cpp(54,20): warning C4566: character represented by universal-character-name '\u9047' cannot be represented in the current code page (1252)
D:\Research\0.temp\UnrealVTDbg-master\Hook\vmx\vmx.cpp(54,20): warning C4566: character represented by universal-character-name '\u5230' cannot be represented in the current code page (1252)
D:\Research\0.temp\UnrealVTDbg-master\Hook\vmx\vmx.cpp(54,20): warning C4566: character represented by universal-character-name '\u4E86' cannot be represented in the current code page (1252)
D:\Research\0.temp\UnrealVTDbg-master\Hook\vmx\vmx.cpp(54,20): warning C4566: character represented by universal-character-name '\u9519' cannot be represented in the current code page (1252)
D:\Research\0.temp\UnrealVTDbg-master\Hook\vmx\vmx.cpp(54,20): warning C4566: character represented by universal-character-name '\u8BEF' cannot be represented in the current code page (1252)
D:\Research\0.temp\UnrealVTDbg-master\Hook\vmx\vmx.cpp(66,23): warning C4018: '<': signed/unsigned mismatch
D:\Research\0.temp\UnrealVTDbg-master\Hook\vmx\vmx.cpp(84,23): warning C4018: '<': signed/unsigned mismatch
  Generating code
  Previous IPDB not found, fall back to full compilation.
  All 842 functions were compiled because no usable IPDB/IOBJ from previous compilation was found.
  Finished generating code
detours.lib(detours.obj) : warning LNK4099: PDB '' was not found with 'detours.lib(detours.obj)' or at ''; linking object as if no debug info
detours.lib(modules.obj) : warning LNK4099: PDB 'detours.pdb' was not found with 'detours.lib(modules.obj)' or at 'D:\Research\0.temp\UnrealVTDbg-master\x64\Release\detours.pdb'; linking object as if no debug info
detours.lib(disasm.obj) : warning LNK4099: PDB '' was not found with 'detours.lib(disasm.obj)' or at ''; linking object as if no debug info
  Hook.vcxproj -> D:\Research\0.temp\UnrealVTDbg-master\x64\Release\Hook64.dll
  'pwsh.exe' is not recognized as an internal or external command,
  operable program or batch file.
