d:\research\0.temp\unrealvtdbg-master\hook\x64\release\vc142.pdb
d:\research\0.temp\unrealvtdbg-master\hook\x64\release\vmx.obj
d:\research\0.temp\unrealvtdbg-master\hook\x64\release\log.obj
d:\research\0.temp\unrealvtdbg-master\hook\x64\release\injectcode.obj
d:\research\0.temp\unrealvtdbg-master\hook\x64\release\apcinject.obj
d:\research\0.temp\unrealvtdbg-master\hook\x64\release\functionset.obj
d:\research\0.temp\unrealvtdbg-master\hook\x64\release\globals.obj
d:\research\0.temp\unrealvtdbg-master\hook\x64\release\dllmain.obj
d:\research\0.temp\unrealvtdbg-master\hook\x64\release\debugevent.obj
d:\research\0.temp\unrealvtdbg-master\hook\x64\release\debugbreak.obj
d:\research\0.temp\unrealvtdbg-master\hook\x64\release\dispatchdata.obj
d:\research\0.temp\unrealvtdbg-master\hook\x64\release\logger.obj
d:\research\0.temp\unrealvtdbg-master\hook\x64\release\filesystem.obj
d:\research\0.temp\unrealvtdbg-master\hook\x64\release\blowfish.obj
d:\research\0.temp\unrealvtdbg-master\hook\x64\release\hook.obj
d:\research\0.temp\unrealvtdbg-master\hook\x64\release\common.obj
d:\research\0.temp\unrealvtdbg-master\x64\release\hook64.dll
d:\research\0.temp\unrealvtdbg-master\hook\x64\release\hook64.ipdb
d:\research\0.temp\unrealvtdbg-master\hook\x64\release\hook64.iobj
d:\research\0.temp\unrealvtdbg-master\x64\release\hook64.pdb
d:\research\0.temp\unrealvtdbg-master\hook\x64\release\asmcallset.obj
d:\research\0.temp\unrealvtdbg-master\hook\x64\release\hook.tlog\cl.command.1.tlog
d:\research\0.temp\unrealvtdbg-master\hook\x64\release\hook.tlog\cl.read.1.tlog
d:\research\0.temp\unrealvtdbg-master\hook\x64\release\hook.tlog\cl.write.1.tlog
d:\research\0.temp\unrealvtdbg-master\hook\x64\release\hook.tlog\link.command.1.tlog
d:\research\0.temp\unrealvtdbg-master\hook\x64\release\hook.tlog\link.read.1.tlog
d:\research\0.temp\unrealvtdbg-master\hook\x64\release\hook.tlog\link.write.1.tlog
d:\research\0.temp\unrealvtdbg-master\hook\x64\release\hook.tlog\masm.read.1u.tlog
d:\research\0.temp\unrealvtdbg-master\hook\x64\release\hook.tlog\masm.write.1u.tlog
