e:\repos\aaaaaaaaaaaaaa\dbgksyswin10\x64\win10release\vc143.pdb
e:\repos\aaaaaaaaaaaaaa\dbgksyswin10\x64\win10release\protectdrx.obj
e:\repos\aaaaaaaaaaaaaa\dbgksyswin10\x64\win10release\protectprocess.obj
e:\repos\aaaaaaaaaaaaaa\dbgksyswin10\x64\win10release\callbacks.obj
e:\repos\aaaaaaaaaaaaaa\dbgksyswin10\x64\win10release\process.obj
e:\repos\aaaaaaaaaaaaaa\dbgksyswin10\x64\win10release\readwrite.obj
e:\repos\aaaaaaaaaaaaaa\dbgksyswin10\x64\win10release\log.obj
e:\repos\aaaaaaaaaaaaaa\dbgksyswin10\x64\win10release\mylist.obj
e:\repos\aaaaaaaaaaaaaa\dbgksyswin10\x64\win10release\initwin32kfull.obj
e:\repos\aaaaaaaaaaaaaa\dbgksyswin10\x64\win10release\initwin32kbase.obj
e:\repos\aaaaaaaaaaaaaa\dbgksyswin10\x64\win10release\initsymbolic.obj
e:\repos\aaaaaaaaaaaaaa\dbgksyswin10\x64\win10release\initntoskrnl.obj
e:\repos\aaaaaaaaaaaaaa\dbgksyswin10\x64\win10release\hypervisor_gateway.obj
e:\repos\aaaaaaaaaaaaaa\dbgksyswin10\x64\win10release\epthook.obj
e:\repos\aaaaaaaaaaaaaa\dbgksyswin10\x64\win10release\globals.obj
e:\repos\aaaaaaaaaaaaaa\dbgksyswin10\x64\win10release\blowfish.obj
e:\repos\aaaaaaaaaaaaaa\dbgksyswin10\x64\win10release\driver.obj
e:\repos\aaaaaaaaaaaaaa\dbgksyswin10\x64\win10release\debugbreak.obj
e:\repos\aaaaaaaaaaaaaa\dbgksyswin10\x64\win10release\dbgkapi.obj
e:\repos\aaaaaaaaaaaaaa\dbgksyswin10\x64\win10release\stringhandler.obj
e:\repos\aaaaaaaaaaaaaa\dbgksyswin10\x64\win10release\bypassfindwnd.obj
e:\repos\aaaaaaaaaaaaaa\dbgksyswin10\x64\win10release\apcinject.obj
e:\repos\调试器\x64\win10release\dbgksyswin10.sys
e:\repos\调试器\x64\win10release\dbgksyswin10.pdb
e:\repos\aaaaaaaaaaaaaa\x64\win10release\dbgksyswin10.sys
e:\repos\aaaaaaaaaaaaaa\x64\win10release\dbgksyswin10.pdb
e:\repos\aaaaaaaaaaaaaa\dbgksyswin10\x64\win10release\asmcode.obj
e:\repos\aaaaaaaaaaaaaa\dbgksyswin10\x64\win10release\asmcallset.obj
e:\repos\aaaaaaaaaaaaaa\dbgksyswin10\x64\win10release\lde64.obj
e:\repos\aaaaaaaaaaaaaa\dbgksyswin10\x64\win10release\dbgksyswin10.tlog\cl.command.1.tlog
e:\repos\aaaaaaaaaaaaaa\dbgksyswin10\x64\win10release\dbgksyswin10.tlog\cl.items.tlog
e:\repos\aaaaaaaaaaaaaa\dbgksyswin10\x64\win10release\dbgksyswin10.tlog\cl.read.1.tlog
e:\repos\aaaaaaaaaaaaaa\dbgksyswin10\x64\win10release\dbgksyswin10.tlog\cl.write.1.tlog
e:\repos\aaaaaaaaaaaaaa\dbgksyswin10\x64\win10release\dbgksyswin10.tlog\link.command.1.tlog
e:\repos\aaaaaaaaaaaaaa\dbgksyswin10\x64\win10release\dbgksyswin10.tlog\link.read.1.tlog
e:\repos\aaaaaaaaaaaaaa\dbgksyswin10\x64\win10release\dbgksyswin10.tlog\link.secondary.1.tlog
e:\repos\aaaaaaaaaaaaaa\dbgksyswin10\x64\win10release\dbgksyswin10.tlog\link.write.1.tlog
e:\repos\aaaaaaaaaaaaaa\dbgksyswin10\x64\win10release\dbgksyswin10.tlog\masm.read.1u.tlog
e:\repos\aaaaaaaaaaaaaa\dbgksyswin10\x64\win10release\dbgksyswin10.tlog\masm.write.1u.tlog
e:\repos\aaaaaaaaaaaaaa\dbgksyswin10\x64\win10release\dbgksyswin10.tlog\signtool.command.1.tlog
e:\repos\aaaaaaaaaaaaaa\dbgksyswin10\x64\win10release\dbgksyswin10.tlog\signtool.timestamp.1.tlog
