d:\research\0.temp\unrealvtdbg-master\unrealdbgdll\x64\release\vc142.pdb
d:\research\0.temp\unrealvtdbg-master\unrealdbgdll\x64\release\startprocess.obj
d:\research\0.temp\unrealvtdbg-master\unrealdbgdll\x64\release\interface.obj
d:\research\0.temp\unrealvtdbg-master\unrealdbgdll\x64\release\initntdevice.obj
d:\research\0.temp\unrealvtdbg-master\unrealdbgdll\x64\release\globals.obj
d:\research\0.temp\unrealvtdbg-master\unrealdbgdll\x64\release\dllmain.obj
d:\research\0.temp\unrealvtdbg-master\unrealdbgdll\x64\release\dispatchdata.obj
d:\research\0.temp\unrealvtdbg-master\unrealdbgdll\x64\release\logger.obj
d:\research\0.temp\unrealvtdbg-master\unrealdbgdll\x64\release\filesystem.obj
d:\research\0.temp\unrealvtdbg-master\unrealdbgdll\x64\release\blowfish.obj
d:\research\0.temp\unrealvtdbg-master\unrealdbgdll\x64\release\common.obj
d:\research\0.temp\unrealvtdbg-master\x64\release\unrealdbgdll.dll
d:\research\0.temp\unrealvtdbg-master\unrealdbgdll\x64\release\unrealdbgdll.ipdb
d:\research\0.temp\unrealvtdbg-master\unrealdbgdll\x64\release\unrealdbgdll.iobj
d:\research\0.temp\unrealvtdbg-master\x64\release\unrealdbgdll.pdb
d:\research\0.temp\unrealvtdbg-master\x64\release\unrealdbgdll.lib
d:\research\0.temp\unrealvtdbg-master\x64\release\unrealdbgdll.exp
d:\research\0.temp\unrealvtdbg-master\unrealdbgdll\x64\release\unrealdbgdll.tlog\cl.command.1.tlog
d:\research\0.temp\unrealvtdbg-master\unrealdbgdll\x64\release\unrealdbgdll.tlog\cl.read.1.tlog
d:\research\0.temp\unrealvtdbg-master\unrealdbgdll\x64\release\unrealdbgdll.tlog\cl.write.1.tlog
d:\research\0.temp\unrealvtdbg-master\unrealdbgdll\x64\release\unrealdbgdll.tlog\link.command.1.tlog
d:\research\0.temp\unrealvtdbg-master\unrealdbgdll\x64\release\unrealdbgdll.tlog\link.read.1.tlog
d:\research\0.temp\unrealvtdbg-master\unrealdbgdll\x64\release\unrealdbgdll.tlog\link.write.1.tlog
d:\research\0.temp\unrealvtdbg-master\unrealdbgdll\x64\release\unrealdbgdll.tlog\unrealdbgdll.write.1u.tlog
