d:\research\0.temp\unrealvtdbg-master\dbgksyswin10\x64\release\vc142.pdb
d:\research\0.temp\unrealvtdbg-master\dbgksyswin10\x64\release\protectdrx.obj
d:\research\0.temp\unrealvtdbg-master\dbgksyswin10\x64\release\protectprocess.obj
d:\research\0.temp\unrealvtdbg-master\dbgksyswin10\x64\release\callbacks.obj
d:\research\0.temp\unrealvtdbg-master\dbgksyswin10\x64\release\process.obj
d:\research\0.temp\unrealvtdbg-master\dbgksyswin10\x64\release\readwrite.obj
d:\research\0.temp\unrealvtdbg-master\dbgksyswin10\x64\release\log.obj
d:\research\0.temp\unrealvtdbg-master\dbgksyswin10\x64\release\mylist.obj
d:\research\0.temp\unrealvtdbg-master\dbgksyswin10\x64\release\initwin32kfull.obj
d:\research\0.temp\unrealvtdbg-master\dbgksyswin10\x64\release\initwin32kbase.obj
d:\research\0.temp\unrealvtdbg-master\dbgksyswin10\x64\release\initsymbolic.obj
d:\research\0.temp\unrealvtdbg-master\dbgksyswin10\x64\release\initntoskrnl.obj
d:\research\0.temp\unrealvtdbg-master\dbgksyswin10\x64\release\hypervisor_gateway.obj
d:\research\0.temp\unrealvtdbg-master\dbgksyswin10\x64\release\epthook.obj
d:\research\0.temp\unrealvtdbg-master\dbgksyswin10\x64\release\globals.obj
d:\research\0.temp\unrealvtdbg-master\dbgksyswin10\x64\release\blowfish.obj
d:\research\0.temp\unrealvtdbg-master\dbgksyswin10\x64\release\driver.obj
d:\research\0.temp\unrealvtdbg-master\dbgksyswin10\x64\release\debugbreak.obj
d:\research\0.temp\unrealvtdbg-master\dbgksyswin10\x64\release\dbgkapi.obj
d:\research\0.temp\unrealvtdbg-master\dbgksyswin10\x64\release\stringhandler.obj
d:\research\0.temp\unrealvtdbg-master\dbgksyswin10\x64\release\apcinject.obj
d:\research\0.temp\unrealvtdbg-master\dbgksyswin10\x64\release\bypassfindwnd.obj
d:\research\0.temp\unrealvtdbg-master\x64\release\dbgksyswin10.sys
d:\research\0.temp\unrealvtdbg-master\x64\release\dbgksyswin10.pdb
d:\research\0.temp\unrealvtdbg-master\dbgksyswin10\x64\release\asmcode.obj
d:\research\0.temp\unrealvtdbg-master\dbgksyswin10\x64\release\asmcallset.obj
d:\research\0.temp\unrealvtdbg-master\dbgksyswin10\x64\release\lde64.obj
d:\research\0.temp\unrealvtdbg-master\dbgksyswin10\x64\release\dbgksyswin10.tlog\cl.command.1.tlog
d:\research\0.temp\unrealvtdbg-master\dbgksyswin10\x64\release\dbgksyswin10.tlog\cl.read.1.tlog
d:\research\0.temp\unrealvtdbg-master\dbgksyswin10\x64\release\dbgksyswin10.tlog\cl.write.1.tlog
d:\research\0.temp\unrealvtdbg-master\dbgksyswin10\x64\release\dbgksyswin10.tlog\link.command.1.tlog
d:\research\0.temp\unrealvtdbg-master\dbgksyswin10\x64\release\dbgksyswin10.tlog\link.read.1.tlog
d:\research\0.temp\unrealvtdbg-master\dbgksyswin10\x64\release\dbgksyswin10.tlog\link.write.1.tlog
d:\research\0.temp\unrealvtdbg-master\dbgksyswin10\x64\release\dbgksyswin10.tlog\masm.read.1u.tlog
d:\research\0.temp\unrealvtdbg-master\dbgksyswin10\x64\release\dbgksyswin10.tlog\masm.write.1u.tlog
