e:\repos\aaaaaaaaaaaaaa\dbgksyswin10\x64\win10debug\vc143.pdb
e:\repos\aaaaaaaaaaaaaa\dbgksyswin10\x64\win10debug\protectdrx.obj
e:\repos\aaaaaaaaaaaaaa\dbgksyswin10\x64\win10debug\protectprocess.obj
e:\repos\aaaaaaaaaaaaaa\dbgksyswin10\x64\win10debug\callbacks.obj
e:\repos\aaaaaaaaaaaaaa\dbgksyswin10\x64\win10debug\process.obj
e:\repos\aaaaaaaaaaaaaa\dbgksyswin10\x64\win10debug\readwrite.obj
e:\repos\aaaaaaaaaaaaaa\dbgksyswin10\x64\win10debug\log.obj
e:\repos\aaaaaaaaaaaaaa\dbgksyswin10\x64\win10debug\mylist.obj
e:\repos\aaaaaaaaaaaaaa\dbgksyswin10\x64\win10debug\initwin32kfull.obj
e:\repos\aaaaaaaaaaaaaa\dbgksyswin10\x64\win10debug\initwin32kbase.obj
e:\repos\aaaaaaaaaaaaaa\dbgksyswin10\x64\win10debug\initsymbolic.obj
e:\repos\aaaaaaaaaaaaaa\dbgksyswin10\x64\win10debug\initntoskrnl.obj
e:\repos\aaaaaaaaaaaaaa\dbgksyswin10\x64\win10debug\hypervisor_gateway.obj
e:\repos\aaaaaaaaaaaaaa\dbgksyswin10\x64\win10debug\epthook.obj
e:\repos\aaaaaaaaaaaaaa\dbgksyswin10\x64\win10debug\globals.obj
e:\repos\aaaaaaaaaaaaaa\dbgksyswin10\x64\win10debug\blowfish.obj
e:\repos\aaaaaaaaaaaaaa\dbgksyswin10\x64\win10debug\driver.obj
e:\repos\aaaaaaaaaaaaaa\dbgksyswin10\x64\win10debug\debugbreak.obj
e:\repos\aaaaaaaaaaaaaa\dbgksyswin10\x64\win10debug\dbgkapi.obj
e:\repos\aaaaaaaaaaaaaa\dbgksyswin10\x64\win10debug\stringhandler.obj
e:\repos\aaaaaaaaaaaaaa\dbgksyswin10\x64\win10debug\apcinject.obj
e:\repos\aaaaaaaaaaaaaa\dbgksyswin10\x64\win10debug\bypassfindwnd.obj
e:\repos\aaaaaaaaaaaaaa\x64\win10debug\dbgksyswin10.sys
e:\repos\aaaaaaaaaaaaaa\x64\win10debug\dbgksyswin10.pdb
e:\repos\aaaaaaaaaaaaaa\dbgksyswin10\x64\win10debug\asmcode.obj
e:\repos\aaaaaaaaaaaaaa\dbgksyswin10\x64\win10debug\asmcallset.obj
e:\repos\aaaaaaaaaaaaaa\dbgksyswin10\x64\win10debug\lde64.obj
e:\repos\aaaaaaaaaaaaaa\dbgksyswin10\x64\win10debug\dbgksyswin10.tlog\cl.command.1.tlog
e:\repos\aaaaaaaaaaaaaa\dbgksyswin10\x64\win10debug\dbgksyswin10.tlog\cl.read.1.tlog
e:\repos\aaaaaaaaaaaaaa\dbgksyswin10\x64\win10debug\dbgksyswin10.tlog\cl.write.1.tlog
e:\repos\aaaaaaaaaaaaaa\dbgksyswin10\x64\win10debug\dbgksyswin10.tlog\link.command.1.tlog
e:\repos\aaaaaaaaaaaaaa\dbgksyswin10\x64\win10debug\dbgksyswin10.tlog\link.read.1.tlog
e:\repos\aaaaaaaaaaaaaa\dbgksyswin10\x64\win10debug\dbgksyswin10.tlog\link.secondary.1.tlog
e:\repos\aaaaaaaaaaaaaa\dbgksyswin10\x64\win10debug\dbgksyswin10.tlog\link.write.1.tlog
e:\repos\aaaaaaaaaaaaaa\dbgksyswin10\x64\win10debug\dbgksyswin10.tlog\masm.read.1u.tlog
e:\repos\aaaaaaaaaaaaaa\dbgksyswin10\x64\win10debug\dbgksyswin10.tlog\masm.write.1u.tlog
e:\repos\aaaaaaaaaaaaaa\dbgksyswin10\x64\win10debug\dbgksyswin10.tlog\signtool.command.1.tlog
e:\repos\aaaaaaaaaaaaaa\dbgksyswin10\x64\win10debug\dbgksyswin10.tlog\signtool.timestamp.1.tlog
