  ApcInject.cpp
E:\repos\aaaaaaaaaaaaaa\Common\Ring0\Inject\ApcInject\ApcInject.cpp(1,10): error C1083: 无法打开包括文件: “ntifs.h”: No such file or directory
  StringHandler.cpp
E:\repos\aaaaaaaaaaaaaa\Common\Ring0\String\StringHandler.cpp(1,10): error C1083: 无法打开包括文件: “ntifs.h”: No such file or directory
  DbgkApi.cpp
E:\repos\aaaaaaaaaaaaaa\DbgkSysWin10\Driver.h(8,10): error C1083: 无法打开包括文件: “ntifs.h”: No such file or directory
  DebugBreak.cpp
E:\repos\aaaaaaaaaaaaaa\DbgkSysWin10\Driver.h(8,10): error C1083: 无法打开包括文件: “ntifs.h”: No such file or directory
  Driver.cpp
E:\repos\aaaaaaaaaaaaaa\DbgkSysWin10\Driver.h(8,10): error C1083: 无法打开包括文件: “ntifs.h”: No such file or directory
  Blowfish.cpp
E:\repos\aaaaaaaaaaaaaa\DbgkSysWin10\Encrypt\Blowfish\Blowfish.cpp(1,10): error C1083: 无法打开包括文件: “ntifs.h”: No such file or directory
  Globals.cpp
E:\repos\aaaaaaaaaaaaaa\DbgkSysWin10\Driver.h(8,10): error C1083: 无法打开包括文件: “ntifs.h”: No such file or directory
  EptHook.cpp
E:\repos\aaaaaaaaaaaaaa\DbgkSysWin10\Driver.h(8,10): error C1083: 无法打开包括文件: “ntifs.h”: No such file or directory
  hypervisor_gateway.cpp
E:\repos\aaaaaaaaaaaaaa\DbgkSysWin10\Driver.h(8,10): error C1083: 无法打开包括文件: “ntifs.h”: No such file or directory
  InitNtoskrnl.cpp
E:\repos\aaaaaaaaaaaaaa\DbgkSysWin10\Driver.h(8,10): error C1083: 无法打开包括文件: “ntifs.h”: No such file or directory
  InitSymbolic.cpp
E:\repos\aaaaaaaaaaaaaa\DbgkSysWin10\Driver.h(8,10): error C1083: 无法打开包括文件: “ntifs.h”: No such file or directory
  InitWin32kbase.cpp
E:\repos\aaaaaaaaaaaaaa\DbgkSysWin10\Driver.h(8,10): error C1083: 无法打开包括文件: “ntifs.h”: No such file or directory
  InitWin32kfull.cpp
E:\repos\aaaaaaaaaaaaaa\DbgkSysWin10\Driver.h(8,10): error C1083: 无法打开包括文件: “ntifs.h”: No such file or directory
  MyList.cpp
E:\repos\aaaaaaaaaaaaaa\DbgkSysWin10\Driver.h(8,10): error C1083: 无法打开包括文件: “ntifs.h”: No such file or directory
  log.cpp
E:\repos\aaaaaaaaaaaaaa\DbgkSysWin10\Driver.h(8,10): error C1083: 无法打开包括文件: “ntifs.h”: No such file or directory
  ReadWrite.cpp
E:\repos\aaaaaaaaaaaaaa\DbgkSysWin10\Driver.h(8,10): error C1083: 无法打开包括文件: “ntifs.h”: No such file or directory
  Process.cpp
E:\repos\aaaaaaaaaaaaaa\DbgkSysWin10\Driver.h(8,10): error C1083: 无法打开包括文件: “ntifs.h”: No such file or directory
  Callbacks.cpp
E:\repos\aaaaaaaaaaaaaa\DbgkSysWin10\Driver.h(8,10): error C1083: 无法打开包括文件: “ntifs.h”: No such file or directory
  ProtectProcess.cpp
E:\repos\aaaaaaaaaaaaaa\DbgkSysWin10\Driver.h(8,10): error C1083: 无法打开包括文件: “ntifs.h”: No such file or directory
  ProtectDrx.cpp
E:\repos\aaaaaaaaaaaaaa\DbgkSysWin10\Driver.h(8,10): error C1083: 无法打开包括文件: “ntifs.h”: No such file or directory
  正在生成代码...
  正在编译...
  BypassFindWnd.cpp
E:\repos\aaaaaaaaaaaaaa\DbgkSysWin10\Driver.h(8,10): error C1083: 无法打开包括文件: “ntifs.h”: No such file or directory
  正在生成代码...
