d:\research\0.temp\unrealvtdbg-master\vt_driver\x64\release\vc142.pdb
d:\research\0.temp\unrealvtdbg-master\vt_driver\x64\release\vmm.obj
d:\research\0.temp\unrealvtdbg-master\vt_driver\x64\release\vmexit_handler.obj
d:\research\0.temp\unrealvtdbg-master\vt_driver\x64\release\vmcs.obj
d:\research\0.temp\unrealvtdbg-master\vt_driver\x64\release\vmcall_handler.obj
d:\research\0.temp\unrealvtdbg-master\vt_driver\x64\release\spinlock.obj
d:\research\0.temp\unrealvtdbg-master\vt_driver\x64\release\poolmanager.obj
d:\research\0.temp\unrealvtdbg-master\vt_driver\x64\release\invalid_vpid.obj
d:\research\0.temp\unrealvtdbg-master\vt_driver\x64\release\invalid_pcid.obj
d:\research\0.temp\unrealvtdbg-master\vt_driver\x64\release\invalid_ept.obj
d:\research\0.temp\unrealvtdbg-master\vt_driver\x64\release\initntoskrnl.obj
d:\research\0.temp\unrealvtdbg-master\vt_driver\x64\release\idt.obj
d:\research\0.temp\unrealvtdbg-master\vt_driver\x64\release\hypervisor_routines.obj
d:\research\0.temp\unrealvtdbg-master\vt_driver\x64\release\hypervisor_gateway.obj
d:\research\0.temp\unrealvtdbg-master\vt_driver\x64\release\globals.obj
d:\research\0.temp\unrealvtdbg-master\vt_driver\x64\release\gdt.obj
d:\research\0.temp\unrealvtdbg-master\vt_driver\x64\release\ept.obj
d:\research\0.temp\unrealvtdbg-master\vt_driver\x64\release\driver.obj
d:\research\0.temp\unrealvtdbg-master\vt_driver\x64\release\stringhandler.obj
d:\research\0.temp\unrealvtdbg-master\x64\release\vt_driver.sys
d:\research\0.temp\unrealvtdbg-master\x64\release\vt_driver.pdb
d:\research\0.temp\unrealvtdbg-master\vt_driver\x64\release\asmcallset.obj
d:\research\0.temp\unrealvtdbg-master\vt_driver\x64\release\exception-routines.obj
d:\research\0.temp\unrealvtdbg-master\vt_driver\x64\release\interrupt-handlers.obj
d:\research\0.temp\unrealvtdbg-master\vt_driver\x64\release\lde64.obj
d:\research\0.temp\unrealvtdbg-master\vt_driver\x64\release\vm-exit.obj
d:\research\0.temp\unrealvtdbg-master\vt_driver\x64\release\vm-launch.obj
d:\research\0.temp\unrealvtdbg-master\x64\release\vt_driver.cer
d:\research\0.temp\unrealvtdbg-master\vt_driver\x64\release\vt_driver.tlog\cl.command.1.tlog
d:\research\0.temp\unrealvtdbg-master\vt_driver\x64\release\vt_driver.tlog\cl.read.1.tlog
d:\research\0.temp\unrealvtdbg-master\vt_driver\x64\release\vt_driver.tlog\cl.write.1.tlog
d:\research\0.temp\unrealvtdbg-master\vt_driver\x64\release\vt_driver.tlog\link.command.1.tlog
d:\research\0.temp\unrealvtdbg-master\vt_driver\x64\release\vt_driver.tlog\link.read.1.tlog
d:\research\0.temp\unrealvtdbg-master\vt_driver\x64\release\vt_driver.tlog\link.write.1.tlog
d:\research\0.temp\unrealvtdbg-master\vt_driver\x64\release\vt_driver.tlog\masm.read.1u.tlog
d:\research\0.temp\unrealvtdbg-master\vt_driver\x64\release\vt_driver.tlog\masm.write.1u.tlog
d:\research\0.temp\unrealvtdbg-master\vt_driver\x64\release\vt_driver.tlog\signtool.command.1.tlog
d:\research\0.temp\unrealvtdbg-master\vt_driver\x64\release\vt_driver.tlog\signtool.read.1.tlog
d:\research\0.temp\unrealvtdbg-master\vt_driver\x64\release\vt_driver.tlog\signtool.timestamp.1.tlog
d:\research\0.temp\unrealvtdbg-master\vt_driver\x64\release\vt_driver.tlog\signtool.write.1.tlog
