  Common.cpp
D:\Research\0.temp\UnrealVTDbg-master\Common\Common.cpp(85,48): warning C4267: 'initializing': conversion from 'size_t' to 'int', possible loss of data
D:\Research\0.temp\UnrealVTDbg-master\Common\Common.cpp(85,48): warning C4267: 'initializing': conversion from 'size_t' to 'const int', possible loss of data
D:\Research\0.temp\UnrealVTDbg-master\Common\Common.cpp(247,77): warning C4267: 'argument': conversion from 'size_t' to '_Ty', possible loss of data
          with
          [
              _Ty=int
          ]
D:\Research\0.temp\UnrealVTDbg-master\Common\Common.cpp(548,42): warning C4566: character represented by universal-character-name '\u4E25' cannot be represented in the current code page (1252)
D:\Research\0.temp\UnrealVTDbg-master\Common\Common.cpp(548,42): warning C4566: character represented by universal-character-name '\u91CD' cannot be represented in the current code page (1252)
D:\Research\0.temp\UnrealVTDbg-master\Common\Common.cpp(548,42): warning C4566: character represented by universal-character-name '\u9519' cannot be represented in the current code page (1252)
D:\Research\0.temp\UnrealVTDbg-master\Common\Common.cpp(548,42): warning C4566: character represented by universal-character-name '\u8BEF' cannot be represented in the current code page (1252)
  FileSystem.cpp
  MD5.cpp
D:\Research\0.temp\UnrealVTDbg-master\Common\Hash\MD5\MD5.cpp(96,8): warning C4267: 'argument': conversion from 'size_t' to 'DWORD', possible loss of data
  Symbols.cpp
D:\Research\0.temp\UnrealVTDbg-master\Loader\Symbols.h(76,27): warning C4244: 'initializing': conversion from 'float' to 'ULONG', possible loss of data
D:\Research\0.temp\UnrealVTDbg-master\Loader\Symbols.cpp(113,30): warning C4566: character represented by universal-character-name '\u6253' cannot be represented in the current code page (1252)
D:\Research\0.temp\UnrealVTDbg-master\Loader\Symbols.cpp(113,30): warning C4566: character represented by universal-character-name '\u5F00' cannot be represented in the current code page (1252)
D:\Research\0.temp\UnrealVTDbg-master\Loader\Symbols.cpp(113,30): warning C4566: character represented by universal-character-name '\u6587' cannot be represented in the current code page (1252)
D:\Research\0.temp\UnrealVTDbg-master\Loader\Symbols.cpp(113,30): warning C4566: character represented by universal-character-name '\u4EF6' cannot be represented in the current code page (1252)
D:\Research\0.temp\UnrealVTDbg-master\Loader\Symbols.cpp(113,30): warning C4566: character represented by universal-character-name '\u5931' cannot be represented in the current code page (1252)
D:\Research\0.temp\UnrealVTDbg-master\Loader\Symbols.cpp(113,30): warning C4566: character represented by universal-character-name '\u8D25' cannot be represented in the current code page (1252)
D:\Research\0.temp\UnrealVTDbg-master\Loader\Symbols.cpp(120,30): warning C4566: character represented by universal-character-name '\u83B7' cannot be represented in the current code page (1252)
D:\Research\0.temp\UnrealVTDbg-master\Loader\Symbols.cpp(120,30): warning C4566: character represented by universal-character-name '\u53D6' cannot be represented in the current code page (1252)
D:\Research\0.temp\UnrealVTDbg-master\Loader\Symbols.cpp(120,30): warning C4566: character represented by universal-character-name '\u6587' cannot be represented in the current code page (1252)
D:\Research\0.temp\UnrealVTDbg-master\Loader\Symbols.cpp(120,30): warning C4566: character represented by universal-character-name '\u4EF6' cannot be represented in the current code page (1252)
D:\Research\0.temp\UnrealVTDbg-master\Loader\Symbols.cpp(120,30): warning C4566: character represented by universal-character-name '\u5927' cannot be represented in the current code page (1252)
D:\Research\0.temp\UnrealVTDbg-master\Loader\Symbols.cpp(120,30): warning C4566: character represented by universal-character-name '\u5C0F' cannot be represented in the current code page (1252)
D:\Research\0.temp\UnrealVTDbg-master\Loader\Symbols.cpp(120,30): warning C4566: character represented by universal-character-name '\u5931' cannot be represented in the current code page (1252)
D:\Research\0.temp\UnrealVTDbg-master\Loader\Symbols.cpp(120,30): warning C4566: character represented by universal-character-name '\u8D25' cannot be represented in the current code page (1252)
D:\Research\0.temp\UnrealVTDbg-master\Loader\Symbols.cpp(131,30): warning C4566: character represented by universal-character-name '\u5206' cannot be represented in the current code page (1252)
D:\Research\0.temp\UnrealVTDbg-master\Loader\Symbols.cpp(131,30): warning C4566: character represented by universal-character-name '\u914D' cannot be represented in the current code page (1252)
D:\Research\0.temp\UnrealVTDbg-master\Loader\Symbols.cpp(131,30): warning C4566: character represented by universal-character-name '\u5185' cannot be represented in the current code page (1252)
D:\Research\0.temp\UnrealVTDbg-master\Loader\Symbols.cpp(131,30): warning C4566: character represented by universal-character-name '\u5B58' cannot be represented in the current code page (1252)
D:\Research\0.temp\UnrealVTDbg-master\Loader\Symbols.cpp(131,30): warning C4566: character represented by universal-character-name '\u5931' cannot be represented in the current code page (1252)
D:\Research\0.temp\UnrealVTDbg-master\Loader\Symbols.cpp(131,30): warning C4566: character represented by universal-character-name '\u8D25' cannot be represented in the current code page (1252)
D:\Research\0.temp\UnrealVTDbg-master\Loader\Symbols.cpp(161,30): warning C4566: character represented by universal-character-name '\u83B7' cannot be represented in the current code page (1252)
D:\Research\0.temp\UnrealVTDbg-master\Loader\Symbols.cpp(161,30): warning C4566: character represented by universal-character-name '\u53D6' cannot be represented in the current code page (1252)
D:\Research\0.temp\UnrealVTDbg-master\Loader\Symbols.cpp(161,30): warning C4566: character represented by universal-character-name '\u5931' cannot be represented in the current code page (1252)
D:\Research\0.temp\UnrealVTDbg-master\Loader\Symbols.cpp(161,30): warning C4566: character represented by universal-character-name '\u8D25' cannot be represented in the current code page (1252)
D:\Research\0.temp\UnrealVTDbg-master\Loader\Symbols.cpp(172,30): warning C4566: character represented by universal-character-name '\u5206' cannot be represented in the current code page (1252)
D:\Research\0.temp\UnrealVTDbg-master\Loader\Symbols.cpp(172,30): warning C4566: character represented by universal-character-name '\u914D' cannot be represented in the current code page (1252)
D:\Research\0.temp\UnrealVTDbg-master\Loader\Symbols.cpp(172,30): warning C4566: character represented by universal-character-name '\u5185' cannot be represented in the current code page (1252)
D:\Research\0.temp\UnrealVTDbg-master\Loader\Symbols.cpp(172,30): warning C4566: character represented by universal-character-name '\u5B58' cannot be represented in the current code page (1252)
D:\Research\0.temp\UnrealVTDbg-master\Loader\Symbols.cpp(172,30): warning C4566: character represented by universal-character-name '\u5931' cannot be represented in the current code page (1252)
D:\Research\0.temp\UnrealVTDbg-master\Loader\Symbols.cpp(172,30): warning C4566: character represented by universal-character-name '\u8D25' cannot be represented in the current code page (1252)
D:\Research\0.temp\UnrealVTDbg-master\Loader\Symbols.cpp(205,30): warning C4566: character represented by universal-character-name '\u83B7' cannot be represented in the current code page (1252)
D:\Research\0.temp\UnrealVTDbg-master\Loader\Symbols.cpp(205,30): warning C4566: character represented by universal-character-name '\u53D6' cannot be represented in the current code page (1252)
D:\Research\0.temp\UnrealVTDbg-master\Loader\Symbols.cpp(205,30): warning C4566: character represented by universal-character-name '\u5931' cannot be represented in the current code page (1252)
D:\Research\0.temp\UnrealVTDbg-master\Loader\Symbols.cpp(205,30): warning C4566: character represented by universal-character-name '\u8D25' cannot be represented in the current code page (1252)
D:\Research\0.temp\UnrealVTDbg-master\Loader\Symbols.cpp(216,30): warning C4566: character represented by universal-character-name '\u4E0D' cannot be represented in the current code page (1252)
D:\Research\0.temp\UnrealVTDbg-master\Loader\Symbols.cpp(216,30): warning C4566: character represented by universal-character-name '\u5339' cannot be represented in the current code page (1252)
D:\Research\0.temp\UnrealVTDbg-master\Loader\Symbols.cpp(216,30): warning C4566: character represented by universal-character-name '\u914D' cannot be represented in the current code page (1252)
D:\Research\0.temp\UnrealVTDbg-master\Loader\Symbols.cpp(234,30): warning C4566: character represented by universal-character-name '\u5206' cannot be represented in the current code page (1252)
D:\Research\0.temp\UnrealVTDbg-master\Loader\Symbols.cpp(234,30): warning C4566: character represented by universal-character-name '\u914D' cannot be represented in the current code page (1252)
D:\Research\0.temp\UnrealVTDbg-master\Loader\Symbols.cpp(234,30): warning C4566: character represented by universal-character-name '\u5185' cannot be represented in the current code page (1252)
D:\Research\0.temp\UnrealVTDbg-master\Loader\Symbols.cpp(234,30): warning C4566: character represented by universal-character-name '\u5B58' cannot be represented in the current code page (1252)
D:\Research\0.temp\UnrealVTDbg-master\Loader\Symbols.cpp(234,30): warning C4566: character represented by universal-character-name '\u5931' cannot be represented in the current code page (1252)
D:\Research\0.temp\UnrealVTDbg-master\Loader\Symbols.cpp(234,30): warning C4566: character represented by universal-character-name '\u8D25' cannot be represented in the current code page (1252)
D:\Research\0.temp\UnrealVTDbg-master\Loader\Symbols.cpp(245,30): warning C4566: character represented by universal-character-name '\u8F6C' cannot be represented in the current code page (1252)
D:\Research\0.temp\UnrealVTDbg-master\Loader\Symbols.cpp(245,30): warning C4566: character represented by universal-character-name '\u6362' cannot be represented in the current code page (1252)
D:\Research\0.temp\UnrealVTDbg-master\Loader\Symbols.cpp(245,30): warning C4566: character represented by universal-character-name '\u5B57' cannot be represented in the current code page (1252)
D:\Research\0.temp\UnrealVTDbg-master\Loader\Symbols.cpp(245,30): warning C4566: character represented by universal-character-name '\u7B26' cannot be represented in the current code page (1252)
D:\Research\0.temp\UnrealVTDbg-master\Loader\Symbols.cpp(245,30): warning C4566: character represented by universal-character-name '\u4E32' cannot be represented in the current code page (1252)
D:\Research\0.temp\UnrealVTDbg-master\Loader\Symbols.cpp(245,30): warning C4566: character represented by universal-character-name '\u5931' cannot be represented in the current code page (1252)
D:\Research\0.temp\UnrealVTDbg-master\Loader\Symbols.cpp(245,30): warning C4566: character represented by universal-character-name '\u8D25' cannot be represented in the current code page (1252)
D:\Research\0.temp\UnrealVTDbg-master\Loader\Symbols.cpp(263,31): warning C4566: character represented by universal-character-name '\u83B7' cannot be represented in the current code page (1252)
D:\Research\0.temp\UnrealVTDbg-master\Loader\Symbols.cpp(263,31): warning C4566: character represented by universal-character-name '\u53D6' cannot be represented in the current code page (1252)
D:\Research\0.temp\UnrealVTDbg-master\Loader\Symbols.cpp(263,31): warning C4566: character represented by universal-character-name '\u5931' cannot be represented in the current code page (1252)
D:\Research\0.temp\UnrealVTDbg-master\Loader\Symbols.cpp(263,31): warning C4566: character represented by universal-character-name '\u8D25' cannot be represented in the current code page (1252)
D:\Research\0.temp\UnrealVTDbg-master\Loader\Symbols.cpp(277,31): warning C4566: character represented by universal-character-name '\u8F6C' cannot be represented in the current code page (1252)
D:\Research\0.temp\UnrealVTDbg-master\Loader\Symbols.cpp(277,31): warning C4566: character represented by universal-character-name '\u6362' cannot be represented in the current code page (1252)
D:\Research\0.temp\UnrealVTDbg-master\Loader\Symbols.cpp(277,31): warning C4566: character represented by universal-character-name '\u5B57' cannot be represented in the current code page (1252)
D:\Research\0.temp\UnrealVTDbg-master\Loader\Symbols.cpp(277,31): warning C4566: character represented by universal-character-name '\u7B26' cannot be represented in the current code page (1252)
D:\Research\0.temp\UnrealVTDbg-master\Loader\Symbols.cpp(277,31): warning C4566: character represented by universal-character-name '\u4E32' cannot be represented in the current code page (1252)
D:\Research\0.temp\UnrealVTDbg-master\Loader\Symbols.cpp(277,31): warning C4566: character represented by universal-character-name '\u5931' cannot be represented in the current code page (1252)
D:\Research\0.temp\UnrealVTDbg-master\Loader\Symbols.cpp(277,31): warning C4566: character represented by universal-character-name '\u8D25' cannot be represented in the current code page (1252)
D:\Research\0.temp\UnrealVTDbg-master\Loader\Symbols.cpp(326,31): warning C4566: character represented by universal-character-name '\u5206' cannot be represented in the current code page (1252)
D:\Research\0.temp\UnrealVTDbg-master\Loader\Symbols.cpp(326,31): warning C4566: character represented by universal-character-name '\u914D' cannot be represented in the current code page (1252)
D:\Research\0.temp\UnrealVTDbg-master\Loader\Symbols.cpp(326,31): warning C4566: character represented by universal-character-name '\u5185' cannot be represented in the current code page (1252)
D:\Research\0.temp\UnrealVTDbg-master\Loader\Symbols.cpp(326,31): warning C4566: character represented by universal-character-name '\u5B58' cannot be represented in the current code page (1252)
D:\Research\0.temp\UnrealVTDbg-master\Loader\Symbols.cpp(326,31): warning C4566: character represented by universal-character-name '\u5931' cannot be represented in the current code page (1252)
D:\Research\0.temp\UnrealVTDbg-master\Loader\Symbols.cpp(326,31): warning C4566: character represented by universal-character-name '\u8D25' cannot be represented in the current code page (1252)
D:\Research\0.temp\UnrealVTDbg-master\Loader\Symbols.cpp(337,31): warning C4566: character represented by universal-character-name '\u8F6C' cannot be represented in the current code page (1252)
D:\Research\0.temp\UnrealVTDbg-master\Loader\Symbols.cpp(337,31): warning C4566: character represented by universal-character-name '\u6362' cannot be represented in the current code page (1252)
D:\Research\0.temp\UnrealVTDbg-master\Loader\Symbols.cpp(337,31): warning C4566: character represented by universal-character-name '\u5B57' cannot be represented in the current code page (1252)
D:\Research\0.temp\UnrealVTDbg-master\Loader\Symbols.cpp(337,31): warning C4566: character represented by universal-character-name '\u7B26' cannot be represented in the current code page (1252)
D:\Research\0.temp\UnrealVTDbg-master\Loader\Symbols.cpp(337,31): warning C4566: character represented by universal-character-name '\u4E32' cannot be represented in the current code page (1252)
D:\Research\0.temp\UnrealVTDbg-master\Loader\Symbols.cpp(337,31): warning C4566: character represented by universal-character-name '\u5931' cannot be represented in the current code page (1252)
D:\Research\0.temp\UnrealVTDbg-master\Loader\Symbols.cpp(337,31): warning C4566: character represented by universal-character-name '\u8D25' cannot be represented in the current code page (1252)
D:\Research\0.temp\UnrealVTDbg-master\Loader\Symbols.cpp(385,32): warning C4566: character represented by universal-character-name '\u4E0B' cannot be represented in the current code page (1252)
D:\Research\0.temp\UnrealVTDbg-master\Loader\Symbols.cpp(385,32): warning C4566: character represented by universal-character-name '\u8F7D' cannot be represented in the current code page (1252)
D:\Research\0.temp\UnrealVTDbg-master\Loader\Symbols.cpp(385,32): warning C4566: character represented by universal-character-name '\u7B26' cannot be represented in the current code page (1252)
D:\Research\0.temp\UnrealVTDbg-master\Loader\Symbols.cpp(385,32): warning C4566: character represented by universal-character-name '\u53F7' cannot be represented in the current code page (1252)
D:\Research\0.temp\UnrealVTDbg-master\Loader\Symbols.cpp(385,32): warning C4566: character represented by universal-character-name '\u8868' cannot be represented in the current code page (1252)
D:\Research\0.temp\UnrealVTDbg-master\Loader\Symbols.cpp(385,32): warning C4566: character represented by universal-character-name '\u5931' cannot be represented in the current code page (1252)
D:\Research\0.temp\UnrealVTDbg-master\Loader\Symbols.cpp(385,32): warning C4566: character represented by universal-character-name '\u8D25' cannot be represented in the current code page (1252)
D:\Research\0.temp\UnrealVTDbg-master\Loader\Symbols.cpp(385,32): warning C4566: character represented by universal-character-name '\uFF0C' cannot be represented in the current code page (1252)
D:\Research\0.temp\UnrealVTDbg-master\Loader\Symbols.cpp(385,32): warning C4566: character represented by universal-character-name '\u7CFB' cannot be represented in the current code page (1252)
D:\Research\0.temp\UnrealVTDbg-master\Loader\Symbols.cpp(385,32): warning C4566: character represented by universal-character-name '\u7EDF' cannot be represented in the current code page (1252)
D:\Research\0.temp\UnrealVTDbg-master\Loader\Symbols.cpp(385,32): warning C4566: character represented by universal-character-name '\u65E0' cannot be represented in the current code page (1252)
D:\Research\0.temp\UnrealVTDbg-master\Loader\Symbols.cpp(385,32): warning C4566: character represented by universal-character-name '\u6CD5' cannot be represented in the current code page (1252)
D:\Research\0.temp\UnrealVTDbg-master\Loader\Symbols.cpp(385,32): warning C4566: character represented by universal-character-name '\u627E' cannot be represented in the current code page (1252)
D:\Research\0.temp\UnrealVTDbg-master\Loader\Symbols.cpp(385,32): warning C4566: character represented by universal-character-name '\u5230' cannot be represented in the current code page (1252)
D:\Research\0.temp\UnrealVTDbg-master\Loader\Symbols.cpp(385,32): warning C4566: character represented by universal-character-name '\u6307' cannot be represented in the current code page (1252)
D:\Research\0.temp\UnrealVTDbg-master\Loader\Symbols.cpp(385,32): warning C4566: character represented by universal-character-name '\u5B9A' cannot be represented in the current code page (1252)
D:\Research\0.temp\UnrealVTDbg-master\Loader\Symbols.cpp(385,32): warning C4566: character represented by universal-character-name '\u7684' cannot be represented in the current code page (1252)
D:\Research\0.temp\UnrealVTDbg-master\Loader\Symbols.cpp(385,32): warning C4566: character represented by universal-character-name '\u8D44' cannot be represented in the current code page (1252)
D:\Research\0.temp\UnrealVTDbg-master\Loader\Symbols.cpp(385,32): warning C4566: character represented by universal-character-name '\u6E90' cannot be represented in the current code page (1252)
D:\Research\0.temp\UnrealVTDbg-master\Loader\Symbols.cpp(386,6): warning C4566: character represented by universal-character-name '\u8BF7' cannot be represented in the current code page (1252)
D:\Research\0.temp\UnrealVTDbg-master\Loader\Symbols.cpp(386,6): warning C4566: character represented by universal-character-name '\u6309' cannot be represented in the current code page (1252)
D:\Research\0.temp\UnrealVTDbg-master\Loader\Symbols.cpp(386,6): warning C4566: character represented by universal-character-name '\u7167' cannot be represented in the current code page (1252)
D:\Research\0.temp\UnrealVTDbg-master\Loader\Symbols.cpp(386,6): warning C4566: character represented by universal-character-name '\u8BF4' cannot be represented in the current code page (1252)
D:\Research\0.temp\UnrealVTDbg-master\Loader\Symbols.cpp(386,6): warning C4566: character represented by universal-character-name '\u660E' cannot be represented in the current code page (1252)
D:\Research\0.temp\UnrealVTDbg-master\Loader\Symbols.cpp(386,6): warning C4566: character represented by universal-character-name '\u4E66' cannot be represented in the current code page (1252)
D:\Research\0.temp\UnrealVTDbg-master\Loader\Symbols.cpp(386,6): warning C4566: character represented by universal-character-name '\u64CD' cannot be represented in the current code page (1252)
D:\Research\0.temp\UnrealVTDbg-master\Loader\Symbols.cpp(386,6): warning C4566: character represented by universal-character-name '\u4F5C' cannot be represented in the current code page (1252)
D:\Research\0.temp\UnrealVTDbg-master\Loader\Symbols.cpp(386,6): warning C4566: character represented by universal-character-name '\u4F7F' cannot be represented in the current code page (1252)
D:\Research\0.temp\UnrealVTDbg-master\Loader\Symbols.cpp(386,6): warning C4566: character represented by universal-character-name '\u7528' cannot be represented in the current code page (1252)
D:\Research\0.temp\UnrealVTDbg-master\Loader\Symbols.cpp(386,6): warning C4566: character represented by universal-character-name '\u7B2C' cannot be represented in the current code page (1252)
D:\Research\0.temp\UnrealVTDbg-master\Loader\Symbols.cpp(386,6): warning C4566: character represented by universal-character-name '\u4E09' cannot be represented in the current code page (1252)
D:\Research\0.temp\UnrealVTDbg-master\Loader\Symbols.cpp(386,6): warning C4566: character represented by universal-character-name '\u65B9' cannot be represented in the current code page (1252)
D:\Research\0.temp\UnrealVTDbg-master\Loader\Symbols.cpp(386,6): warning C4566: character represented by universal-character-name '\u5DE5' cannot be represented in the current code page (1252)
D:\Research\0.temp\UnrealVTDbg-master\Loader\Symbols.cpp(386,6): warning C4566: character represented by universal-character-name '\u5177' cannot be represented in the current code page (1252)
D:\Research\0.temp\UnrealVTDbg-master\Loader\Symbols.cpp(386,6): warning C4566: character represented by universal-character-name '\u8FDB' cannot be represented in the current code page (1252)
D:\Research\0.temp\UnrealVTDbg-master\Loader\Symbols.cpp(386,6): warning C4566: character represented by universal-character-name '\u884C' cannot be represented in the current code page (1252)
D:\Research\0.temp\UnrealVTDbg-master\Loader\Symbols.cpp(386,6): warning C4566: character represented by universal-character-name '\u4E0B' cannot be represented in the current code page (1252)
D:\Research\0.temp\UnrealVTDbg-master\Loader\Symbols.cpp(386,6): warning C4566: character represented by universal-character-name '\u8F7D' cannot be represented in the current code page (1252)
D:\Research\0.temp\UnrealVTDbg-master\Loader\Symbols.cpp(386,6): warning C4566: character represented by universal-character-name '\u3002' cannot be represented in the current code page (1252)
  WinMain.cpp
D:\Research\0.temp\UnrealVTDbg-master\Loader\Symbols.h(76,27): warning C4244: 'initializing': conversion from 'float' to 'ULONG', possible loss of data
D:\Research\0.temp\UnrealVTDbg-master\Loader\WinMain.cpp(101,80): warning C4267: 'argument': conversion from 'size_t' to 'int', possible loss of data
D:\Research\0.temp\UnrealVTDbg-master\Loader\WinMain.cpp(105,77): warning C4267: 'argument': conversion from 'size_t' to 'int', possible loss of data
D:\Research\0.temp\UnrealVTDbg-master\Loader\WinMain.cpp(170,27): warning C4244: '=': conversion from 'WPARAM' to 'int', possible loss of data
D:\Research\0.temp\UnrealVTDbg-master\Loader\WinMain.cpp(272,30): warning C4566: character represented by universal-character-name '\u83B7' cannot be represented in the current code page (1252)
D:\Research\0.temp\UnrealVTDbg-master\Loader\WinMain.cpp(272,30): warning C4566: character represented by universal-character-name '\u53D6' cannot be represented in the current code page (1252)
D:\Research\0.temp\UnrealVTDbg-master\Loader\WinMain.cpp(272,30): warning C4566: character represented by universal-character-name '\u7A0B' cannot be represented in the current code page (1252)
D:\Research\0.temp\UnrealVTDbg-master\Loader\WinMain.cpp(272,30): warning C4566: character represented by universal-character-name '\u5E8F' cannot be represented in the current code page (1252)
D:\Research\0.temp\UnrealVTDbg-master\Loader\WinMain.cpp(272,30): warning C4566: character represented by universal-character-name '\u76EE' cannot be represented in the current code page (1252)
D:\Research\0.temp\UnrealVTDbg-master\Loader\WinMain.cpp(272,30): warning C4566: character represented by universal-character-name '\u5F55' cannot be represented in the current code page (1252)
D:\Research\0.temp\UnrealVTDbg-master\Loader\WinMain.cpp(272,30): warning C4566: character represented by universal-character-name '\u5931' cannot be represented in the current code page (1252)
D:\Research\0.temp\UnrealVTDbg-master\Loader\WinMain.cpp(272,30): warning C4566: character represented by universal-character-name '\u8D25' cannot be represented in the current code page (1252)
D:\Research\0.temp\UnrealVTDbg-master\Loader\WinMain.cpp(282,30): warning C4566: character represented by universal-character-name '\u8D44' cannot be represented in the current code page (1252)
D:\Research\0.temp\UnrealVTDbg-master\Loader\WinMain.cpp(282,30): warning C4566: character represented by universal-character-name '\u6E90' cannot be represented in the current code page (1252)
D:\Research\0.temp\UnrealVTDbg-master\Loader\WinMain.cpp(282,30): warning C4566: character represented by universal-character-name '\u6587' cannot be represented in the current code page (1252)
D:\Research\0.temp\UnrealVTDbg-master\Loader\WinMain.cpp(282,30): warning C4566: character represented by universal-character-name '\u4EF6' cannot be represented in the current code page (1252)
D:\Research\0.temp\UnrealVTDbg-master\Loader\WinMain.cpp(282,30): warning C4566: character represented by universal-character-name '\u5DF2' cannot be represented in the current code page (1252)
D:\Research\0.temp\UnrealVTDbg-master\Loader\WinMain.cpp(282,30): warning C4566: character represented by universal-character-name '\u635F' cannot be represented in the current code page (1252)
D:\Research\0.temp\UnrealVTDbg-master\Loader\WinMain.cpp(282,30): warning C4566: character represented by universal-character-name '\u574F' cannot be represented in the current code page (1252)
D:\Research\0.temp\UnrealVTDbg-master\Loader\WinMain.cpp(417,30): warning C4566: character represented by universal-character-name '\u542F' cannot be represented in the current code page (1252)
D:\Research\0.temp\UnrealVTDbg-master\Loader\WinMain.cpp(417,30): warning C4566: character represented by universal-character-name '\u52A8' cannot be represented in the current code page (1252)
D:\Research\0.temp\UnrealVTDbg-master\Loader\WinMain.cpp(417,30): warning C4566: character represented by universal-character-name '\u865A' cannot be represented in the current code page (1252)
D:\Research\0.temp\UnrealVTDbg-master\Loader\WinMain.cpp(417,30): warning C4566: character represented by universal-character-name '\u5E7B' cannot be represented in the current code page (1252)
D:\Research\0.temp\UnrealVTDbg-master\Loader\WinMain.cpp(417,30): warning C4566: character represented by universal-character-name '\u8C03' cannot be represented in the current code page (1252)
D:\Research\0.temp\UnrealVTDbg-master\Loader\WinMain.cpp(417,30): warning C4566: character represented by universal-character-name '\u8BD5' cannot be represented in the current code page (1252)
D:\Research\0.temp\UnrealVTDbg-master\Loader\WinMain.cpp(417,30): warning C4566: character represented by universal-character-name '\u5668' cannot be represented in the current code page (1252)
D:\Research\0.temp\UnrealVTDbg-master\Loader\WinMain.cpp(417,30): warning C4566: character represented by universal-character-name '\u5931' cannot be represented in the current code page (1252)
D:\Research\0.temp\UnrealVTDbg-master\Loader\WinMain.cpp(417,30): warning C4566: character represented by universal-character-name '\u8D25' cannot be represented in the current code page (1252)
D:\Research\0.temp\UnrealVTDbg-master\Loader\WinMain.cpp(401,7): warning C4101: 'is64Process': unreferenced local variable
  Generating code
  Previous IPDB not found, fall back to full compilation.
  All 1014 functions were compiled because no usable IPDB/IOBJ from previous compilation was found.
  Finished generating code
  Loader.vcxproj -> D:\Research\0.temp\UnrealVTDbg-master\x64\Release\VTDebugger.exe
  'pwsh.exe' is not recognized as an internal or external command,
  operable program or batch file.
