d:\research\0.temp\unrealvtdbg-master\loader\x64\release\vc142.pdb
d:\research\0.temp\unrealvtdbg-master\loader\x64\release\winmain.obj
d:\research\0.temp\unrealvtdbg-master\loader\x64\release\symbols.obj
d:\research\0.temp\unrealvtdbg-master\loader\x64\release\md5.obj
d:\research\0.temp\unrealvtdbg-master\loader\x64\release\filesystem.obj
d:\research\0.temp\unrealvtdbg-master\loader\x64\release\common.obj
d:\research\0.temp\unrealvtdbg-master\x64\release\虚幻调试器.exe
d:\research\0.temp\unrealvtdbg-master\loader\x64\release\虚幻调试器.ipdb
d:\research\0.temp\unrealvtdbg-master\loader\x64\release\虚幻调试器.iobj
d:\research\0.temp\unrealvtdbg-master\x64\release\虚幻调试器.pdb
d:\research\0.temp\unrealvtdbg-master\x64\release\vtdebugger.exe
d:\research\0.temp\unrealvtdbg-master\loader\x64\release\vtdebugger.ipdb
d:\research\0.temp\unrealvtdbg-master\loader\x64\release\vtdebugger.iobj
d:\research\0.temp\unrealvtdbg-master\x64\release\vtdebugger.pdb
d:\research\0.temp\unrealvtdbg-master\loader\x64\release\loader.res
d:\research\0.temp\unrealvtdbg-master\loader\x64\release\loader.tlog\cl.command.1.tlog
d:\research\0.temp\unrealvtdbg-master\loader\x64\release\loader.tlog\cl.read.1.tlog
d:\research\0.temp\unrealvtdbg-master\loader\x64\release\loader.tlog\cl.write.1.tlog
d:\research\0.temp\unrealvtdbg-master\loader\x64\release\loader.tlog\link.command.1.tlog
d:\research\0.temp\unrealvtdbg-master\loader\x64\release\loader.tlog\link.read.1.tlog
d:\research\0.temp\unrealvtdbg-master\loader\x64\release\loader.tlog\link.write.1.tlog
d:\research\0.temp\unrealvtdbg-master\loader\x64\release\loader.tlog\rc.command.1.tlog
d:\research\0.temp\unrealvtdbg-master\loader\x64\release\loader.tlog\rc.read.1.tlog
d:\research\0.temp\unrealvtdbg-master\loader\x64\release\loader.tlog\rc.write.1.tlog
