d:\source\driver\dbgksys\dbgksyswin10\x64\debug\vc142.pdb
d:\source\driver\dbgksys\dbgksyswin10\x64\debug\protectdrx.obj
d:\source\driver\dbgksys\dbgksyswin10\x64\debug\protectprocess.obj
d:\source\driver\dbgksys\dbgksyswin10\x64\debug\callbacks.obj
d:\source\driver\dbgksys\dbgksyswin10\x64\debug\process.obj
d:\source\driver\dbgksys\dbgksyswin10\x64\debug\readwrite.obj
d:\source\driver\dbgksys\dbgksyswin10\x64\debug\log.obj
d:\source\driver\dbgksys\dbgksyswin10\x64\debug\mylist.obj
d:\source\driver\dbgksys\dbgksyswin10\x64\debug\initwin32kfull.obj
d:\source\driver\dbgksys\dbgksyswin10\x64\debug\initwin32kbase.obj
d:\source\driver\dbgksys\dbgksyswin10\x64\debug\initsymbolic.obj
d:\source\driver\dbgksys\dbgksyswin10\x64\debug\initntoskrnl.obj
d:\source\driver\dbgksys\dbgksyswin10\x64\debug\hypervisor_gateway.obj
d:\source\driver\dbgksys\dbgksyswin10\x64\debug\epthook.obj
d:\source\driver\dbgksys\dbgksyswin10\x64\debug\globals.obj
d:\source\driver\dbgksys\dbgksyswin10\x64\debug\blowfish.obj
d:\source\driver\dbgksys\dbgksyswin10\x64\debug\driver.obj
d:\source\driver\dbgksys\dbgksyswin10\x64\debug\debugbreak.obj
d:\source\driver\dbgksys\dbgksyswin10\x64\debug\dbgkapi.obj
d:\source\driver\dbgksys\dbgksyswin10\x64\debug\stringhandler.obj
d:\source\driver\dbgksys\dbgksyswin10\x64\debug\apcinject.obj
d:\source\driver\dbgksys\dbgksyswin10\x64\debug\bypassfindwnd.obj
e:\repos\aaaaaaaaaaaaaa\dbgksyswin10\x64\debug\vc143.pdb
d:\source\driver\dbgksys\x64\debug\dbgksyswin10.sys
d:\source\driver\dbgksys\x64\debug\dbgksyswin10.pdb
e:\repos\aaaaaaaaaaaaaa\dbgksyswin10\x64\debug\asmcode.obj
e:\repos\aaaaaaaaaaaaaa\dbgksyswin10\x64\debug\asmcallset.obj
e:\repos\aaaaaaaaaaaaaa\dbgksyswin10\x64\debug\lde64.obj
e:\repos\aaaaaaaaaaaaaa\dbgksyswin10\x64\debug\apcinject.obj
e:\repos\aaaaaaaaaaaaaa\dbgksyswin10\x64\debug\blowfish.obj
e:\repos\aaaaaaaaaaaaaa\dbgksyswin10\x64\debug\bypassfindwnd.obj
e:\repos\aaaaaaaaaaaaaa\dbgksyswin10\x64\debug\callbacks.obj
e:\repos\aaaaaaaaaaaaaa\dbgksyswin10\x64\debug\dbgkapi.obj
e:\repos\aaaaaaaaaaaaaa\dbgksyswin10\x64\debug\debugbreak.obj
e:\repos\aaaaaaaaaaaaaa\dbgksyswin10\x64\debug\driver.obj
e:\repos\aaaaaaaaaaaaaa\dbgksyswin10\x64\debug\epthook.obj
e:\repos\aaaaaaaaaaaaaa\dbgksyswin10\x64\debug\globals.obj
e:\repos\aaaaaaaaaaaaaa\dbgksyswin10\x64\debug\hypervisor_gateway.obj
e:\repos\aaaaaaaaaaaaaa\dbgksyswin10\x64\debug\initntoskrnl.obj
e:\repos\aaaaaaaaaaaaaa\dbgksyswin10\x64\debug\initsymbolic.obj
e:\repos\aaaaaaaaaaaaaa\dbgksyswin10\x64\debug\initwin32kbase.obj
e:\repos\aaaaaaaaaaaaaa\dbgksyswin10\x64\debug\initwin32kfull.obj
e:\repos\aaaaaaaaaaaaaa\dbgksyswin10\x64\debug\log.obj
e:\repos\aaaaaaaaaaaaaa\dbgksyswin10\x64\debug\mylist.obj
e:\repos\aaaaaaaaaaaaaa\dbgksyswin10\x64\debug\process.obj
e:\repos\aaaaaaaaaaaaaa\dbgksyswin10\x64\debug\protectdrx.obj
e:\repos\aaaaaaaaaaaaaa\dbgksyswin10\x64\debug\protectprocess.obj
e:\repos\aaaaaaaaaaaaaa\dbgksyswin10\x64\debug\readwrite.obj
e:\repos\aaaaaaaaaaaaaa\dbgksyswin10\x64\debug\stringhandler.obj
e:\repos\aaaaaaaaaaaaaa\dbgksyswin10\x64\debug\vc142.pdb
e:\repos\aaaaaaaaaaaaaa\dbgksyswin10\x64\debug\dbgksyswin10.tlog\cl.command.1.tlog
e:\repos\aaaaaaaaaaaaaa\dbgksyswin10\x64\debug\dbgksyswin10.tlog\cl.read.1.tlog
e:\repos\aaaaaaaaaaaaaa\dbgksyswin10\x64\debug\dbgksyswin10.tlog\cl.write.1.tlog
e:\repos\aaaaaaaaaaaaaa\dbgksyswin10\x64\debug\dbgksyswin10.tlog\link.command.1.tlog
e:\repos\aaaaaaaaaaaaaa\dbgksyswin10\x64\debug\dbgksyswin10.tlog\link.read.1.tlog
e:\repos\aaaaaaaaaaaaaa\dbgksyswin10\x64\debug\dbgksyswin10.tlog\link.write.1.tlog
e:\repos\aaaaaaaaaaaaaa\dbgksyswin10\x64\debug\dbgksyswin10.tlog\masm.read.1u.tlog
e:\repos\aaaaaaaaaaaaaa\dbgksyswin10\x64\debug\dbgksyswin10.tlog\masm.write.1u.tlog
e:\repos\aaaaaaaaaaaaaa\dbgksyswin10\x64\debug\dbgksyswin10.tlog\signtool.command.1.tlog
e:\repos\aaaaaaaaaaaaaa\dbgksyswin10\x64\debug\dbgksyswin10.tlog\signtool.read.1.tlog
e:\repos\aaaaaaaaaaaaaa\dbgksyswin10\x64\debug\dbgksyswin10.tlog\signtool.timestamp.1.tlog
e:\repos\aaaaaaaaaaaaaa\dbgksyswin10\x64\debug\dbgksyswin10.tlog\signtool.write.1.tlog
